0 verbose cli /data/data/com.termux/files/usr/bin/node /data/data/com.termux/files/usr/bin/npm
1 info using npm@11.6.0
2 info using node@v24.9.0
3 silly config load:file:/data/data/com.termux/files/usr/lib/node_modules/npm/npmrc
4 silly config load:file:/data/data/com.termux/files/home/simnovo_app/.npmrc
5 silly config load:file:/data/data/com.termux/files/home/.npmrc
6 silly config load:file:/data/data/com.termux/files/usr/etc/npmrc
7 verbose title npm install express mysql2
8 verbose argv "install" "express" "mysql2"
9 verbose logfile logs-max:10 dir:/data/data/com.termux/files/home/.npm/_logs/2025-10-29T07_26_22_622Z-
10 verbose logfile /data/data/com.termux/files/home/.npm/_logs/2025-10-29T07_26_22_622Z-debug-0.log
11 silly logfile done cleaning log files
12 silly packumentCache heap:1089470464 maxSize:272367616 maxEntrySize:136183808
13 silly idealTree buildDeps
14 silly fetch manifest express@*
15 silly packumentCache full:https://registry.npmjs.org/express cache-miss
16 http fetch GET 200 https://registry.npmjs.org/express 4558ms (cache miss)
17 silly packumentCache full:https://registry.npmjs.org/express set size:undefined disposed:false
18 silly fetch manifest mysql2@*
19 silly packumentCache full:https://registry.npmjs.org/mysql2 cache-miss
20 http fetch GET 200 https://registry.npmjs.org/mysql2 4734ms (cache miss)
21 silly packumentCache full:https://registry.npmjs.org/mysql2 set size:undefined disposed:false
22 silly placeDep ROOT express@5.1.0 OK for: simnovo_app@1.0.0 want: *
23 silly placeDep ROOT mysql2@3.15.3 OK for: simnovo_app@1.0.0 want: *
24 silly fetch manifest qs@^6.14.0
25 silly packumentCache full:https://registry.npmjs.org/qs cache-miss
26 silly fetch manifest etag@^1.8.1
27 silly packumentCache full:https://registry.npmjs.org/etag cache-miss
28 silly fetch manifest once@^1.4.0
29 silly packumentCache full:https://registry.npmjs.org/once cache-miss
30 silly fetch manifest send@^1.1.0
31 silly packumentCache full:https://registry.npmjs.org/send cache-miss
32 silly fetch manifest vary@^1.1.2
33 silly packumentCache full:https://registry.npmjs.org/vary cache-miss
34 silly fetch manifest debug@^4.4.0
35 silly packumentCache full:https://registry.npmjs.org/debug cache-miss
36 silly fetch manifest fresh@^2.0.0
37 silly packumentCache full:https://registry.npmjs.org/fresh cache-miss
38 http fetch GET 200 https://registry.npmjs.org/qs 3409ms (cache miss)
39 silly packumentCache full:https://registry.npmjs.org/qs set size:undefined disposed:false
40 silly fetch manifest cookie@^0.7.1
41 silly packumentCache full:https://registry.npmjs.org/cookie cache-miss
42 http fetch GET 200 https://registry.npmjs.org/once 3567ms (cache miss)
43 silly packumentCache full:https://registry.npmjs.org/once set size:undefined disposed:false
44 silly fetch manifest router@^2.2.0
45 silly packumentCache full:https://registry.npmjs.org/router cache-miss
46 http fetch GET 200 https://registry.npmjs.org/etag 5777ms (cache miss)
47 silly packumentCache full:https://registry.npmjs.org/etag set size:undefined disposed:false
48 silly fetch manifest accepts@^2.0.0
49 silly packumentCache full:https://registry.npmjs.org/accepts cache-miss
50 http fetch GET 200 https://registry.npmjs.org/fresh 5810ms (cache miss)
51 silly packumentCache full:https://registry.npmjs.org/fresh set size:undefined disposed:false
52 silly fetch manifest type-is@^2.0.1
53 silly packumentCache full:https://registry.npmjs.org/type-is cache-miss
54 http fetch GET 200 https://registry.npmjs.org/vary 5844ms (cache miss)
55 silly packumentCache full:https://registry.npmjs.org/vary set size:undefined disposed:false
56 silly fetch manifest parseurl@^1.3.3
57 silly packumentCache full:https://registry.npmjs.org/parseurl cache-miss
58 http fetch GET 200 https://registry.npmjs.org/send 5878ms (cache miss)
59 silly packumentCache full:https://registry.npmjs.org/send set size:undefined disposed:false
60 silly fetch manifest statuses@^2.0.1
61 silly packumentCache full:https://registry.npmjs.org/statuses cache-miss
62 http fetch GET 200 https://registry.npmjs.org/accepts 1535ms (cache miss)
63 silly packumentCache full:https://registry.npmjs.org/accepts set size:undefined disposed:false
64 silly fetch manifest encodeurl@^2.0.0
65 silly packumentCache full:https://registry.npmjs.org/encodeurl cache-miss
66 http fetch GET 200 https://registry.npmjs.org/cookie 4087ms (cache miss)
67 silly packumentCache full:https://registry.npmjs.org/cookie set size:undefined disposed:false
68 silly fetch manifest mime-types@^3.0.0
69 silly packumentCache full:https://registry.npmjs.org/mime-types cache-miss
70 http fetch GET 200 https://registry.npmjs.org/encodeurl 589ms (cache miss)
71 silly packumentCache full:https://registry.npmjs.org/encodeurl set size:undefined disposed:false
72 silly fetch manifest proxy-addr@^2.0.7
73 silly packumentCache full:https://registry.npmjs.org/proxy-addr cache-miss
74 http fetch GET 200 https://registry.npmjs.org/router 4557ms (cache miss)
75 silly packumentCache full:https://registry.npmjs.org/router set size:undefined disposed:false
76 silly fetch manifest body-parser@^2.2.0
77 silly packumentCache full:https://registry.npmjs.org/body-parser cache-miss
78 http fetch GET 200 https://registry.npmjs.org/debug 8142ms (cache miss)
79 silly packumentCache full:https://registry.npmjs.org/debug set size:undefined disposed:false
80 silly fetch manifest escape-html@^1.0.3
81 silly packumentCache full:https://registry.npmjs.org/escape-html cache-miss
82 http fetch GET 200 https://registry.npmjs.org/parseurl 2458ms (cache miss)
83 silly packumentCache full:https://registry.npmjs.org/parseurl set size:undefined disposed:false
84 silly fetch manifest http-errors@^2.0.0
85 silly packumentCache full:https://registry.npmjs.org/http-errors cache-miss
86 http fetch GET 200 https://registry.npmjs.org/proxy-addr 1745ms (cache miss)
87 silly packumentCache full:https://registry.npmjs.org/proxy-addr set size:undefined disposed:false
88 silly fetch manifest on-finished@^2.4.1
89 silly packumentCache full:https://registry.npmjs.org/on-finished cache-miss
90 http fetch GET 200 https://registry.npmjs.org/escape-html 1710ms (cache miss)
91 silly packumentCache full:https://registry.npmjs.org/escape-html set size:undefined disposed:false
92 silly fetch manifest content-type@^1.0.5
93 silly packumentCache full:https://registry.npmjs.org/content-type cache-miss
94 http fetch GET 200 https://registry.npmjs.org/mime-types 2564ms (cache miss)
95 silly packumentCache full:https://registry.npmjs.org/mime-types set size:undefined disposed:false
96 silly fetch manifest finalhandler@^2.1.0
97 silly packumentCache full:https://registry.npmjs.org/finalhandler cache-miss
98 http fetch GET 200 https://registry.npmjs.org/on-finished 711ms (cache miss)
99 silly packumentCache full:https://registry.npmjs.org/on-finished set size:undefined disposed:false
100 silly fetch manifest range-parser@^1.2.1
101 silly packumentCache full:https://registry.npmjs.org/range-parser cache-miss
102 http fetch GET 200 https://registry.npmjs.org/content-type 908ms (cache miss)
103 silly packumentCache full:https://registry.npmjs.org/content-type set size:undefined disposed:false
104 silly fetch manifest serve-static@^2.2.0
105 silly packumentCache full:https://registry.npmjs.org/serve-static cache-miss
106 http fetch GET 200 https://registry.npmjs.org/body-parser 3645ms (cache miss)
107 silly packumentCache full:https://registry.npmjs.org/body-parser set size:undefined disposed:false
108 silly fetch manifest cookie-signature@^1.2.1
109 silly packumentCache full:https://registry.npmjs.org/cookie-signature cache-miss
110 http fetch GET 200 https://registry.npmjs.org/finalhandler 2088ms (cache miss)
111 silly packumentCache full:https://registry.npmjs.org/finalhandler set size:undefined disposed:false
112 silly fetch manifest merge-descriptors@^2.0.0
113 silly packumentCache full:https://registry.npmjs.org/merge-descriptors cache-miss
114 http fetch GET 200 https://registry.npmjs.org/range-parser 2037ms (cache miss)
115 silly packumentCache full:https://registry.npmjs.org/range-parser set size:undefined disposed:false
116 silly fetch manifest content-disposition@^1.0.0
117 silly packumentCache full:https://registry.npmjs.org/content-disposition cache-miss
118 http fetch GET 200 https://registry.npmjs.org/statuses 6675ms (cache miss)
119 silly packumentCache full:https://registry.npmjs.org/statuses set size:undefined disposed:false
120 silly fetch manifest aws-ssl-profiles@^1.1.1
121 silly packumentCache full:https://registry.npmjs.org/aws-ssl-profiles cache-miss
122 http fetch GET 200 https://registry.npmjs.org/merge-descriptors 1300ms (cache miss)
123 silly packumentCache full:https://registry.npmjs.org/merge-descriptors set size:undefined disposed:false
124 silly fetch manifest denque@^2.1.0
125 silly packumentCache full:https://registry.npmjs.org/denque cache-miss
126 http fetch GET 200 https://registry.npmjs.org/type-is 8232ms (cache miss)
127 silly packumentCache full:https://registry.npmjs.org/type-is set size:undefined disposed:false
128 silly fetch manifest generate-function@^2.3.1
129 silly packumentCache full:https://registry.npmjs.org/generate-function cache-miss
130 http fetch GET 200 https://registry.npmjs.org/cookie-signature 2691ms (cache miss)
131 silly packumentCache full:https://registry.npmjs.org/cookie-signature set size:undefined disposed:false
132 silly fetch manifest iconv-lite@^0.7.0
133 silly packumentCache full:https://registry.npmjs.org/iconv-lite cache-miss
134 http fetch GET 200 https://registry.npmjs.org/generate-function 727ms (cache miss)
135 silly packumentCache full:https://registry.npmjs.org/generate-function set size:undefined disposed:false
136 silly fetch manifest long@^5.2.1
137 silly packumentCache full:https://registry.npmjs.org/long cache-miss
138 http fetch GET 200 https://registry.npmjs.org/denque 1420ms (cache miss)
139 silly packumentCache full:https://registry.npmjs.org/denque set size:undefined disposed:false
140 silly fetch manifest lru.min@^1.0.0
141 silly packumentCache full:https://registry.npmjs.org/lru.min cache-miss
142 http fetch GET 200 https://registry.npmjs.org/http-errors 6606ms (cache miss)
143 silly packumentCache full:https://registry.npmjs.org/http-errors set size:undefined disposed:false
144 silly fetch manifest named-placeholders@^1.1.3
145 silly packumentCache full:https://registry.npmjs.org/named-placeholders cache-miss
146 http fetch GET 200 https://registry.npmjs.org/named-placeholders 1109ms (cache miss)
147 silly packumentCache full:https://registry.npmjs.org/named-placeholders set size:undefined disposed:false
148 silly fetch manifest seq-queue@^0.0.5
149 silly packumentCache full:https://registry.npmjs.org/seq-queue cache-miss
150 http fetch GET 200 https://registry.npmjs.org/lru.min 1129ms (cache miss)
151 silly packumentCache full:https://registry.npmjs.org/lru.min set size:undefined disposed:false
152 silly fetch manifest sqlstring@^2.3.2
153 silly packumentCache full:https://registry.npmjs.org/sqlstring cache-miss
154 http fetch GET 200 https://registry.npmjs.org/aws-ssl-profiles 5051ms (cache miss)
155 silly packumentCache full:https://registry.npmjs.org/aws-ssl-profiles set size:undefined disposed:false
156 http fetch GET 200 https://registry.npmjs.org/content-disposition 5416ms (cache miss)
157 silly packumentCache full:https://registry.npmjs.org/content-disposition set size:undefined disposed:false
158 http fetch GET 200 https://registry.npmjs.org/iconv-lite 3457ms (cache miss)
159 silly packumentCache full:https://registry.npmjs.org/iconv-lite set size:undefined disposed:false
160 http fetch GET 200 https://registry.npmjs.org/seq-queue 1917ms (cache miss)
161 silly packumentCache full:https://registry.npmjs.org/seq-queue set size:undefined disposed:false
162 http fetch GET 200 https://registry.npmjs.org/sqlstring 2053ms (cache miss)
163 silly packumentCache full:https://registry.npmjs.org/sqlstring set size:undefined disposed:false
164 http fetch GET 200 https://registry.npmjs.org/long 3400ms (cache miss)
165 silly packumentCache full:https://registry.npmjs.org/long set size:undefined disposed:false
166 http fetch GET 200 https://registry.npmjs.org/serve-static 8756ms (cache miss)
167 silly packumentCache full:https://registry.npmjs.org/serve-static set size:undefined disposed:false
168 silly placeDep ROOT accepts@2.0.0 OK for: express@5.1.0 want: ^2.0.0
169 silly placeDep ROOT body-parser@2.2.0 OK for: express@5.1.0 want: ^2.2.0
170 silly placeDep ROOT content-disposition@1.0.0 OK for: express@5.1.0 want: ^1.0.0
171 silly placeDep ROOT content-type@1.0.5 OK for: express@5.1.0 want: ^1.0.5
172 silly placeDep ROOT cookie@0.7.2 OK for: express@5.1.0 want: ^0.7.1
173 silly placeDep ROOT cookie-signature@1.2.2 OK for: express@5.1.0 want: ^1.2.1
174 silly placeDep ROOT debug@4.4.3 OK for: express@5.1.0 want: ^4.4.0
175 silly placeDep ROOT encodeurl@2.0.0 OK for: express@5.1.0 want: ^2.0.0
176 silly placeDep ROOT escape-html@1.0.3 OK for: express@5.1.0 want: ^1.0.3
177 silly placeDep ROOT etag@1.8.1 OK for: express@5.1.0 want: ^1.8.1
178 silly placeDep ROOT finalhandler@2.1.0 OK for: express@5.1.0 want: ^2.1.0
179 silly placeDep ROOT fresh@2.0.0 OK for: express@5.1.0 want: ^2.0.0
180 silly placeDep ROOT http-errors@2.0.0 OK for: express@5.1.0 want: ^2.0.0
181 silly placeDep ROOT merge-descriptors@2.0.0 OK for: express@5.1.0 want: ^2.0.0
182 silly placeDep ROOT mime-types@3.0.1 OK for: express@5.1.0 want: ^3.0.0
183 silly placeDep ROOT on-finished@2.4.1 OK for: express@5.1.0 want: ^2.4.1
184 silly placeDep ROOT once@1.4.0 OK for: express@5.1.0 want: ^1.4.0
185 silly placeDep ROOT parseurl@1.3.3 OK for: express@5.1.0 want: ^1.3.3
186 silly placeDep ROOT proxy-addr@2.0.7 OK for: express@5.1.0 want: ^2.0.7
187 silly placeDep ROOT qs@6.14.0 OK for: express@5.1.0 want: ^6.14.0
188 silly placeDep ROOT range-parser@1.2.1 OK for: express@5.1.0 want: ^1.2.1
189 silly placeDep ROOT router@2.2.0 OK for: express@5.1.0 want: ^2.2.0
190 silly placeDep ROOT send@1.2.0 OK for: express@5.1.0 want: ^1.1.0
191 silly placeDep ROOT serve-static@2.2.0 OK for: express@5.1.0 want: ^2.2.0
192 silly placeDep ROOT statuses@2.0.2 OK for: express@5.1.0 want: ^2.0.1
193 silly placeDep ROOT type-is@2.0.1 OK for: express@5.1.0 want: ^2.0.1
194 silly placeDep ROOT vary@1.1.2 OK for: express@5.1.0 want: ^1.1.2
195 silly fetch manifest negotiator@^1.0.0
196 silly packumentCache full:https://registry.npmjs.org/negotiator cache-miss
197 silly fetch manifest bytes@^3.1.2
198 silly packumentCache full:https://registry.npmjs.org/bytes cache-miss
199 silly fetch manifest type-is@^2.0.0
200 silly packumentCache full:https://registry.npmjs.org/type-is cache-miss
201 silly fetch manifest raw-body@^3.0.0
202 silly packumentCache full:https://registry.npmjs.org/raw-body cache-miss
203 silly fetch manifest iconv-lite@^0.6.3
204 silly packumentCache full:https://registry.npmjs.org/iconv-lite cache-miss
205 silly fetch manifest safe-buffer@5.2.1
206 silly packumentCache full:https://registry.npmjs.org/safe-buffer cache-miss
207 silly fetch manifest ms@^2.1.3
208 silly packumentCache full:https://registry.npmjs.org/ms cache-miss
209 http cache https://registry.npmjs.org/type-is 51ms (cache hit)
210 silly packumentCache full:https://registry.npmjs.org/type-is set size:86196 disposed:false
211 silly fetch manifest depd@2.0.0
212 silly packumentCache full:https://registry.npmjs.org/depd cache-miss
213 http cache https://registry.npmjs.org/iconv-lite 57ms (cache hit)
214 silly packumentCache full:https://registry.npmjs.org/iconv-lite set size:118890 disposed:false
215 silly fetch manifest inherits@2.0.4
216 silly packumentCache full:https://registry.npmjs.org/inherits cache-miss
217 http fetch GET 200 https://registry.npmjs.org/inherits 642ms (cache miss)
218 silly packumentCache full:https://registry.npmjs.org/inherits set size:undefined disposed:false
219 silly fetch manifest statuses@2.0.1
220 silly packumentCache full:https://registry.npmjs.org/statuses cache-miss
221 http cache https://registry.npmjs.org/statuses 6ms (cache hit)
222 silly packumentCache full:https://registry.npmjs.org/statuses set size:37117 disposed:false
223 silly fetch manifest toidentifier@1.0.1
224 silly packumentCache full:https://registry.npmjs.org/toidentifier cache-miss
225 http fetch GET 200 https://registry.npmjs.org/depd 3095ms (cache miss)
226 silly packumentCache full:https://registry.npmjs.org/depd set size:undefined disposed:false
227 silly fetch manifest setprototypeof@1.2.0
228 silly packumentCache full:https://registry.npmjs.org/setprototypeof cache-miss
229 http fetch GET 200 https://registry.npmjs.org/ms 3355ms (cache miss)
230 silly packumentCache full:https://registry.npmjs.org/ms set size:undefined disposed:false
231 silly fetch manifest mime-db@^1.54.0
232 silly packumentCache full:https://registry.npmjs.org/mime-db cache-miss
233 http fetch GET 200 https://registry.npmjs.org/safe-buffer 3646ms (cache miss)
234 silly packumentCache full:https://registry.npmjs.org/safe-buffer set size:undefined disposed:false
235 silly fetch manifest ee-first@1.1.1
236 silly packumentCache full:https://registry.npmjs.org/ee-first cache-miss
237 http fetch GET 200 https://registry.npmjs.org/setprototypeof 1885ms (cache miss)
238 silly packumentCache full:https://registry.npmjs.org/setprototypeof set size:undefined disposed:false
239 silly fetch manifest wrappy@1
240 silly packumentCache full:https://registry.npmjs.org/wrappy cache-miss
241 http fetch GET 200 https://registry.npmjs.org/bytes 5277ms (cache miss)
242 silly packumentCache full:https://registry.npmjs.org/bytes set size:undefined disposed:false
243 silly fetch manifest forwarded@0.2.0
244 silly packumentCache full:https://registry.npmjs.org/forwarded cache-miss
245 http fetch GET 200 https://registry.npmjs.org/wrappy 523ms (cache miss)
246 silly packumentCache full:https://registry.npmjs.org/wrappy set size:undefined disposed:false
247 silly fetch manifest ipaddr.js@1.9.1
248 silly packumentCache full:https://registry.npmjs.org/ipaddr.js cache-miss
249 http fetch GET 200 https://registry.npmjs.org/toidentifier 5353ms (cache miss)
250 silly packumentCache full:https://registry.npmjs.org/toidentifier set size:undefined disposed:false
251 silly fetch manifest side-channel@^1.1.0
252 silly packumentCache full:https://registry.npmjs.org/side-channel cache-miss
253 http fetch GET 200 https://registry.npmjs.org/negotiator 6118ms (cache miss)
254 silly packumentCache full:https://registry.npmjs.org/negotiator set size:undefined disposed:false
255 silly fetch manifest depd@^2.0.0
256 silly packumentCache full:https://registry.npmjs.org/depd cache-miss
257 http cache https://registry.npmjs.org/depd 9ms (cache hit)
258 silly packumentCache full:https://registry.npmjs.org/depd set size:40182 disposed:false
259 silly fetch manifest is-promise@^4.0.0
260 silly packumentCache full:https://registry.npmjs.org/is-promise cache-miss
261 http fetch GET 200 https://registry.npmjs.org/mime-db 4327ms (cache miss)
262 silly packumentCache full:https://registry.npmjs.org/mime-db set size:undefined disposed:false
263 silly fetch manifest path-to-regexp@^8.0.0
264 silly packumentCache full:https://registry.npmjs.org/path-to-regexp cache-miss
265 http fetch GET 200 https://registry.npmjs.org/ee-first 4618ms (cache miss)
266 silly packumentCache full:https://registry.npmjs.org/ee-first set size:undefined disposed:false
267 silly fetch manifest media-typer@^1.1.0
268 silly packumentCache full:https://registry.npmjs.org/media-typer cache-miss
269 http fetch GET 200 https://registry.npmjs.org/forwarded 3000ms (cache miss)
270 silly packumentCache full:https://registry.npmjs.org/forwarded set size:undefined disposed:false
271 http fetch GET 200 https://registry.npmjs.org/raw-body 8630ms (cache miss)
272 silly packumentCache full:https://registry.npmjs.org/raw-body set size:undefined disposed:false
273 http fetch GET 200 https://registry.npmjs.org/is-promise 3262ms (cache miss)
274 silly packumentCache full:https://registry.npmjs.org/is-promise set size:undefined disposed:false
275 http fetch GET 200 https://registry.npmjs.org/ipaddr.js 3928ms (cache miss)
276 silly packumentCache full:https://registry.npmjs.org/ipaddr.js set size:undefined disposed:false
277 http fetch GET 200 https://registry.npmjs.org/side-channel 3441ms (cache miss)
278 silly packumentCache full:https://registry.npmjs.org/side-channel set size:undefined disposed:false
279 http fetch GET 200 https://registry.npmjs.org/path-to-regexp 2413ms (cache miss)
280 silly packumentCache full:https://registry.npmjs.org/path-to-regexp set size:undefined disposed:false
281 http fetch GET 200 https://registry.npmjs.org/media-typer 1903ms (cache miss)
282 silly packumentCache full:https://registry.npmjs.org/media-typer set size:undefined disposed:false
283 silly placeDep ROOT negotiator@1.0.0 OK for: accepts@2.0.0 want: ^1.0.0
284 silly placeDep ROOT bytes@3.1.2 OK for: body-parser@2.2.0 want: ^3.1.2
285 silly placeDep ROOT iconv-lite@0.6.3 OK for: body-parser@2.2.0 want: ^0.6.3
286 silly placeDep ROOT raw-body@3.0.1 OK for: body-parser@2.2.0 want: ^3.0.0
287 silly fetch manifest safer-buffer@>= 2.1.2 < 3.0.0
288 silly packumentCache full:https://registry.npmjs.org/safer-buffer cache-miss
289 silly fetch manifest iconv-lite@0.7.0
290 silly packumentCache full:https://registry.npmjs.org/iconv-lite cache-hit
291 silly fetch manifest unpipe@1.0.0
292 silly packumentCache full:https://registry.npmjs.org/unpipe cache-miss
293 http fetch GET 200 https://registry.npmjs.org/unpipe 141ms (cache miss)
294 silly packumentCache full:https://registry.npmjs.org/unpipe set size:undefined disposed:false
295 http fetch GET 200 https://registry.npmjs.org/safer-buffer 392ms (cache miss)
296 silly packumentCache full:https://registry.npmjs.org/safer-buffer set size:undefined disposed:false
297 silly placeDep ROOT safe-buffer@5.2.1 OK for: content-disposition@1.0.0 want: 5.2.1
298 silly placeDep ROOT ms@2.1.3 OK for: debug@4.4.3 want: ^2.1.3
299 silly placeDep ROOT depd@2.0.0 OK for: http-errors@2.0.0 want: 2.0.0
300 silly placeDep ROOT inherits@2.0.4 OK for: http-errors@2.0.0 want: 2.0.4
301 silly placeDep ROOT setprototypeof@1.2.0 OK for: http-errors@2.0.0 want: 1.2.0
302 silly placeDep node_modules/http-errors statuses@2.0.1 OK for: http-errors@2.0.0 want: 2.0.1
303 silly placeDep ROOT toidentifier@1.0.1 OK for: http-errors@2.0.0 want: 1.0.1
304 silly placeDep ROOT safer-buffer@2.1.2 OK for: iconv-lite@0.6.3 want: >= 2.1.2 < 3.0.0
305 silly placeDep ROOT mime-db@1.54.0 OK for: mime-types@3.0.1 want: ^1.54.0
306 silly placeDep ROOT aws-ssl-profiles@1.1.2 OK for: mysql2@3.15.3 want: ^1.1.1
307 silly placeDep ROOT denque@2.1.0 OK for: mysql2@3.15.3 want: ^2.1.0
308 silly placeDep ROOT generate-function@2.3.1 OK for: mysql2@3.15.3 want: ^2.3.1
309 silly placeDep node_modules/mysql2 iconv-lite@0.7.0 OK for: mysql2@3.15.3 want: ^0.7.0
310 silly placeDep ROOT long@5.3.2 OK for: mysql2@3.15.3 want: ^5.2.1
311 silly placeDep ROOT lru.min@1.1.2 OK for: mysql2@3.15.3 want: ^1.0.0
312 silly placeDep ROOT named-placeholders@1.1.3 OK for: mysql2@3.15.3 want: ^1.1.3
313 silly placeDep ROOT seq-queue@0.0.5 OK for: mysql2@3.15.3 want: ^0.0.5
314 silly placeDep ROOT sqlstring@2.3.3 OK for: mysql2@3.15.3 want: ^2.3.2
315 silly fetch manifest is-property@^1.0.2
316 silly packumentCache full:https://registry.npmjs.org/is-property cache-miss
317 silly fetch manifest lru-cache@^7.14.1
318 silly packumentCache full:https://registry.npmjs.org/lru-cache cache-miss
319 http fetch GET 200 https://registry.npmjs.org/is-property 225ms (cache miss)
320 silly packumentCache full:https://registry.npmjs.org/is-property set size:undefined disposed:false
321 http fetch GET 200 https://registry.npmjs.org/lru-cache 3786ms (cache miss)
322 silly packumentCache full:https://registry.npmjs.org/lru-cache set size:undefined disposed:false
323 silly placeDep ROOT is-property@1.0.2 OK for: generate-function@2.3.1 want: ^1.0.2
324 silly placeDep ROOT lru-cache@7.18.3 OK for: named-placeholders@1.1.3 want: ^7.14.1
325 silly placeDep ROOT ee-first@1.1.1 OK for: on-finished@2.4.1 want: 1.1.1
326 silly placeDep ROOT wrappy@1.0.2 OK for: once@1.4.0 want: 1
327 silly placeDep ROOT forwarded@0.2.0 OK for: proxy-addr@2.0.7 want: 0.2.0
328 silly placeDep ROOT ipaddr.js@1.9.1 OK for: proxy-addr@2.0.7 want: 1.9.1
329 silly placeDep ROOT side-channel@1.1.0 OK for: qs@6.14.0 want: ^1.1.0
330 silly fetch manifest es-errors@^1.3.0
331 silly packumentCache full:https://registry.npmjs.org/es-errors cache-miss
332 silly fetch manifest object-inspect@^1.13.3
333 silly packumentCache full:https://registry.npmjs.org/object-inspect cache-miss
334 silly fetch manifest side-channel-list@^1.0.0
335 silly packumentCache full:https://registry.npmjs.org/side-channel-list cache-miss
336 silly fetch manifest side-channel-map@^1.0.1
337 silly packumentCache full:https://registry.npmjs.org/side-channel-map cache-miss
338 silly fetch manifest side-channel-weakmap@^1.0.2
339 silly packumentCache full:https://registry.npmjs.org/side-channel-weakmap cache-miss
340 http fetch GET 200 https://registry.npmjs.org/side-channel-list 320ms (cache miss)
341 silly packumentCache full:https://registry.npmjs.org/side-channel-list set size:undefined disposed:false
342 http fetch GET 200 https://registry.npmjs.org/es-errors 326ms (cache miss)
343 silly packumentCache full:https://registry.npmjs.org/es-errors set size:undefined disposed:false
344 http fetch GET 200 https://registry.npmjs.org/side-channel-map 445ms (cache miss)
345 silly packumentCache full:https://registry.npmjs.org/side-channel-map set size:undefined disposed:false
346 http fetch GET 200 https://registry.npmjs.org/side-channel-weakmap 447ms (cache miss)
347 silly packumentCache full:https://registry.npmjs.org/side-channel-weakmap set size:undefined disposed:false
348 http fetch GET 200 https://registry.npmjs.org/object-inspect 1277ms (cache miss)
349 silly packumentCache full:https://registry.npmjs.org/object-inspect set size:undefined disposed:false
350 silly placeDep node_modules/raw-body iconv-lite@0.7.0 OK for: raw-body@3.0.1 want: 0.7.0
351 silly placeDep ROOT unpipe@1.0.0 OK for: raw-body@3.0.1 want: 1.0.0
352 silly placeDep ROOT is-promise@4.0.0 OK for: router@2.2.0 want: ^4.0.0
353 silly placeDep ROOT path-to-regexp@8.3.0 OK for: router@2.2.0 want: ^8.0.0
354 silly placeDep ROOT es-errors@1.3.0 OK for: side-channel@1.1.0 want: ^1.3.0
355 silly placeDep ROOT object-inspect@1.13.4 OK for: side-channel@1.1.0 want: ^1.13.3
356 silly placeDep ROOT side-channel-list@1.0.0 OK for: side-channel@1.1.0 want: ^1.0.0
357 silly placeDep ROOT side-channel-map@1.0.1 OK for: side-channel@1.1.0 want: ^1.0.1
358 silly placeDep ROOT side-channel-weakmap@1.0.2 OK for: side-channel@1.1.0 want: ^1.0.2
359 silly fetch manifest call-bound@^1.0.2
360 silly packumentCache full:https://registry.npmjs.org/call-bound cache-miss
361 silly fetch manifest get-intrinsic@^1.2.5
362 silly packumentCache full:https://registry.npmjs.org/get-intrinsic cache-miss
363 silly fetch manifest call-bound@^1.0.2
364 silly packumentCache full:https://registry.npmjs.org/call-bound cache-miss
365 silly fetch manifest get-intrinsic@^1.2.5
366 silly packumentCache full:https://registry.npmjs.org/get-intrinsic cache-miss
367 http fetch GET 200 https://registry.npmjs.org/call-bound 235ms (cache miss)
368 silly packumentCache full:https://registry.npmjs.org/call-bound set size:undefined disposed:false
369 http fetch GET 200 https://registry.npmjs.org/call-bound 243ms (cache miss)
370 silly packumentCache full:https://registry.npmjs.org/call-bound set size:undefined disposed:false
371 http fetch GET 200 https://registry.npmjs.org/get-intrinsic 466ms (cache miss)
372 silly packumentCache full:https://registry.npmjs.org/get-intrinsic set size:undefined disposed:false
373 http fetch GET 200 https://registry.npmjs.org/get-intrinsic 473ms (cache miss)
374 silly packumentCache full:https://registry.npmjs.org/get-intrinsic set size:undefined disposed:false
375 silly placeDep ROOT call-bound@1.0.4 OK for: side-channel-map@1.0.1 want: ^1.0.2
376 silly placeDep ROOT get-intrinsic@1.3.0 OK for: side-channel-map@1.0.1 want: ^1.2.5
377 silly fetch manifest call-bind-apply-helpers@^1.0.2
378 silly packumentCache full:https://registry.npmjs.org/call-bind-apply-helpers cache-miss
379 silly fetch manifest get-intrinsic@^1.3.0
380 silly packumentCache full:https://registry.npmjs.org/get-intrinsic cache-miss
381 silly fetch manifest gopd@^1.2.0
382 silly packumentCache full:https://registry.npmjs.org/gopd cache-miss
383 silly fetch manifest hasown@^2.0.2
384 silly packumentCache full:https://registry.npmjs.org/hasown cache-miss
385 silly fetch manifest get-proto@^1.0.1
386 silly packumentCache full:https://registry.npmjs.org/get-proto cache-miss
387 silly fetch manifest has-symbols@^1.1.0
388 silly packumentCache full:https://registry.npmjs.org/has-symbols cache-miss
389 silly fetch manifest function-bind@^1.1.2
390 silly packumentCache full:https://registry.npmjs.org/function-bind cache-miss
391 http cache https://registry.npmjs.org/get-intrinsic 28ms (cache hit)
392 silly packumentCache full:https://registry.npmjs.org/get-intrinsic set size:60985 disposed:false
393 silly fetch manifest es-object-atoms@^1.1.1
394 silly packumentCache full:https://registry.npmjs.org/es-object-atoms cache-miss
395 http fetch GET 200 https://registry.npmjs.org/call-bind-apply-helpers 239ms (cache miss)
396 silly packumentCache full:https://registry.npmjs.org/call-bind-apply-helpers set size:undefined disposed:false
397 silly fetch manifest math-intrinsics@^1.1.0
398 silly packumentCache full:https://registry.npmjs.org/math-intrinsics cache-miss
399 http fetch GET 200 https://registry.npmjs.org/function-bind 397ms (cache miss)
400 silly packumentCache full:https://registry.npmjs.org/function-bind set size:undefined disposed:false
401 silly fetch manifest es-define-property@^1.0.1
402 silly packumentCache full:https://registry.npmjs.org/es-define-property cache-miss
403 http fetch GET 200 https://registry.npmjs.org/get-proto 453ms (cache miss)
404 silly packumentCache full:https://registry.npmjs.org/get-proto set size:undefined disposed:false
405 http fetch GET 200 https://registry.npmjs.org/es-object-atoms 439ms (cache miss)
406 silly packumentCache full:https://registry.npmjs.org/es-object-atoms set size:undefined disposed:false
407 http fetch GET 200 https://registry.npmjs.org/gopd 475ms (cache miss)
408 silly packumentCache full:https://registry.npmjs.org/gopd set size:undefined disposed:false
409 http fetch GET 200 https://registry.npmjs.org/hasown 503ms (cache miss)
410 silly packumentCache full:https://registry.npmjs.org/hasown set size:undefined disposed:false
411 http fetch GET 200 https://registry.npmjs.org/math-intrinsics 714ms (cache miss)
412 silly packumentCache full:https://registry.npmjs.org/math-intrinsics set size:undefined disposed:false
413 http fetch GET 200 https://registry.npmjs.org/has-symbols 969ms (cache miss)
414 silly packumentCache full:https://registry.npmjs.org/has-symbols set size:undefined disposed:false
415 http fetch GET 200 https://registry.npmjs.org/es-define-property 652ms (cache miss)
416 silly packumentCache full:https://registry.npmjs.org/es-define-property set size:undefined disposed:false
417 silly placeDep ROOT call-bind-apply-helpers@1.0.2 OK for: call-bound@1.0.4 want: ^1.0.2
418 silly placeDep ROOT function-bind@1.1.2 OK for: call-bind-apply-helpers@1.0.2 want: ^1.1.2
419 silly placeDep ROOT es-define-property@1.0.1 OK for: get-intrinsic@1.3.0 want: ^1.0.1
420 silly placeDep ROOT es-object-atoms@1.1.1 OK for: get-intrinsic@1.3.0 want: ^1.1.1
421 silly placeDep ROOT get-proto@1.0.1 OK for: get-intrinsic@1.3.0 want: ^1.0.1
422 silly placeDep ROOT gopd@1.2.0 OK for: get-intrinsic@1.3.0 want: ^1.2.0
423 silly placeDep ROOT has-symbols@1.1.0 OK for: get-intrinsic@1.3.0 want: ^1.1.0
424 silly placeDep ROOT hasown@2.0.2 OK for: get-intrinsic@1.3.0 want: ^2.0.2
425 silly placeDep ROOT math-intrinsics@1.1.0 OK for: get-intrinsic@1.3.0 want: ^1.1.0
426 silly fetch manifest dunder-proto@^1.0.1
427 silly packumentCache full:https://registry.npmjs.org/dunder-proto cache-miss
428 http fetch GET 200 https://registry.npmjs.org/dunder-proto 157ms (cache miss)
429 silly packumentCache full:https://registry.npmjs.org/dunder-proto set size:undefined disposed:false
430 silly placeDep ROOT dunder-proto@1.0.1 OK for: get-proto@1.0.1 want: ^1.0.1
431 silly placeDep ROOT media-typer@1.1.0 OK for: type-is@2.0.1 want: ^1.1.0
432 silly reify moves {}
433 silly audit bulk request {
433 silly audit   express: [ '5.1.0' ],
433 silly audit   mysql2: [ '3.15.3' ],
433 silly audit   accepts: [ '2.0.0' ],
433 silly audit   'body-parser': [ '2.2.0' ],
433 silly audit   'content-disposition': [ '1.0.0' ],
433 silly audit   'content-type': [ '1.0.5' ],
433 silly audit   cookie: [ '0.7.2' ],
433 silly audit   'cookie-signature': [ '1.2.2' ],
433 silly audit   debug: [ '4.4.3' ],
433 silly audit   encodeurl: [ '2.0.0' ],
433 silly audit   'escape-html': [ '1.0.3' ],
433 silly audit   etag: [ '1.8.1' ],
433 silly audit   finalhandler: [ '2.1.0' ],
433 silly audit   fresh: [ '2.0.0' ],
433 silly audit   'http-errors': [ '2.0.0' ],
433 silly audit   'merge-descriptors': [ '2.0.0' ],
433 silly audit   'mime-types': [ '3.0.1' ],
433 silly audit   'on-finished': [ '2.4.1' ],
433 silly audit   once: [ '1.4.0' ],
433 silly audit   parseurl: [ '1.3.3' ],
433 silly audit   'proxy-addr': [ '2.0.7' ],
433 silly audit   qs: [ '6.14.0' ],
433 silly audit   'range-parser': [ '1.2.1' ],
433 silly audit   router: [ '2.2.0' ],
433 silly audit   send: [ '1.2.0' ],
433 silly audit   'serve-static': [ '2.2.0' ],
433 silly audit   statuses: [ '2.0.2', '2.0.1' ],
433 silly audit   'type-is': [ '2.0.1' ],
433 silly audit   vary: [ '1.1.2' ],
433 silly audit   negotiator: [ '1.0.0' ],
433 silly audit   bytes: [ '3.1.2' ],
433 silly audit   'iconv-lite': [ '0.6.3', '0.7.0' ],
433 silly audit   'raw-body': [ '3.0.1' ],
433 silly audit   'safe-buffer': [ '5.2.1' ],
433 silly audit   ms: [ '2.1.3' ],
433 silly audit   depd: [ '2.0.0' ],
433 silly audit   inherits: [ '2.0.4' ],
433 silly audit   setprototypeof: [ '1.2.0' ],
433 silly audit   toidentifier: [ '1.0.1' ],
433 silly audit   'safer-buffer': [ '2.1.2' ],
433 silly audit   'mime-db': [ '1.54.0' ],
433 silly audit   'aws-ssl-profiles': [ '1.1.2' ],
433 silly audit   denque: [ '2.1.0' ],
433 silly audit   'generate-function': [ '2.3.1' ],
433 silly audit   long: [ '5.3.2' ],
433 silly audit   'lru.min': [ '1.1.2' ],
433 silly audit   'named-placeholders': [ '1.1.3' ],
433 silly audit   'seq-queue': [ '0.0.5' ],
433 silly audit   sqlstring: [ '2.3.3' ],
433 silly audit   'is-property': [ '1.0.2' ],
433 silly audit   'lru-cache': [ '7.18.3' ],
433 silly audit   'ee-first': [ '1.1.1' ],
433 silly audit   wrappy: [ '1.0.2' ],
433 silly audit   forwarded: [ '0.2.0' ],
433 silly audit   'ipaddr.js': [ '1.9.1' ],
433 silly audit   'side-channel': [ '1.1.0' ],
433 silly audit   unpipe: [ '1.0.0' ],
433 silly audit   'is-promise': [ '4.0.0' ],
433 silly audit   'path-to-regexp': [ '8.3.0' ],
433 silly audit   'es-errors': [ '1.3.0' ],
433 silly audit   'object-inspect': [ '1.13.4' ],
433 silly audit   'side-channel-list': [ '1.0.0' ],
433 silly audit   'side-channel-map': [ '1.0.1' ],
433 silly audit   'side-channel-weakmap': [ '1.0.2' ],
433 silly audit   'call-bound': [ '1.0.4' ],
433 silly audit   'get-intrinsic': [ '1.3.0' ],
433 silly audit   'call-bind-apply-helpers': [ '1.0.2' ],
433 silly audit   'function-bind': [ '1.1.2' ],
433 silly audit   'es-define-property': [ '1.0.1' ],
433 silly audit   'es-object-atoms': [ '1.1.1' ],
433 silly audit   'get-proto': [ '1.0.1' ],
433 silly audit   gopd: [ '1.2.0' ],
433 silly audit   'has-symbols': [ '1.1.0' ],
433 silly audit   hasown: [ '2.0.2' ],
433 silly audit   'math-intrinsics': [ '1.1.0' ],
433 silly audit   'dunder-proto': [ '1.0.1' ],
433 silly audit   'media-typer': [ '1.1.0' ]
433 silly audit }
434 http cache media-typer@https://registry.npmjs.org/media-typer/-/media-typer-1.1.0.tgz 0ms (cache hit)
435 http cache math-intrinsics@https://registry.npmjs.org/math-intrinsics/-/math-intrinsics-1.1.0.tgz 0ms (cache hit)
436 http cache has-symbols@https://registry.npmjs.org/has-symbols/-/has-symbols-1.1.0.tgz 0ms (cache hit)
437 http cache dunder-proto@https://registry.npmjs.org/dunder-proto/-/dunder-proto-1.0.1.tgz 1ms (cache hit)
438 http cache hasown@https://registry.npmjs.org/hasown/-/hasown-2.0.2.tgz 0ms (cache hit)
439 http cache gopd@https://registry.npmjs.org/gopd/-/gopd-1.2.0.tgz 0ms (cache hit)
440 http cache get-proto@https://registry.npmjs.org/get-proto/-/get-proto-1.0.1.tgz 0ms (cache hit)
441 http cache es-object-atoms@https://registry.npmjs.org/es-object-atoms/-/es-object-atoms-1.1.1.tgz 0ms (cache hit)
442 http cache es-define-property@https://registry.npmjs.org/es-define-property/-/es-define-property-1.0.1.tgz 0ms (cache hit)
443 http cache function-bind@https://registry.npmjs.org/function-bind/-/function-bind-1.1.2.tgz 0ms (cache hit)
444 http cache call-bind-apply-helpers@https://registry.npmjs.org/call-bind-apply-helpers/-/call-bind-apply-helpers-1.0.2.tgz 0ms (cache hit)
445 http cache get-intrinsic@https://registry.npmjs.org/get-intrinsic/-/get-intrinsic-1.3.0.tgz 0ms (cache hit)
446 http cache call-bound@https://registry.npmjs.org/call-bound/-/call-bound-1.0.4.tgz 0ms (cache hit)
447 http cache side-channel-weakmap@https://registry.npmjs.org/side-channel-weakmap/-/side-channel-weakmap-1.0.2.tgz 0ms (cache hit)
448 http cache side-channel-map@https://registry.npmjs.org/side-channel-map/-/side-channel-map-1.0.1.tgz 0ms (cache hit)
449 http cache side-channel-list@https://registry.npmjs.org/side-channel-list/-/side-channel-list-1.0.0.tgz 1ms (cache hit)
450 http cache object-inspect@https://registry.npmjs.org/object-inspect/-/object-inspect-1.13.4.tgz 0ms (cache hit)
451 http cache es-errors@https://registry.npmjs.org/es-errors/-/es-errors-1.3.0.tgz 0ms (cache hit)
452 http cache path-to-regexp@https://registry.npmjs.org/path-to-regexp/-/path-to-regexp-8.3.0.tgz 1ms (cache hit)
453 http cache is-promise@https://registry.npmjs.org/is-promise/-/is-promise-4.0.0.tgz 0ms (cache hit)
454 http cache unpipe@https://registry.npmjs.org/unpipe/-/unpipe-1.0.0.tgz 0ms (cache hit)
455 http cache side-channel@https://registry.npmjs.org/side-channel/-/side-channel-1.1.0.tgz 0ms (cache hit)
456 http cache ipaddr.js@https://registry.npmjs.org/ipaddr.js/-/ipaddr.js-1.9.1.tgz 0ms (cache hit)
457 http cache forwarded@https://registry.npmjs.org/forwarded/-/forwarded-0.2.0.tgz 0ms (cache hit)
458 http cache wrappy@https://registry.npmjs.org/wrappy/-/wrappy-1.0.2.tgz 0ms (cache hit)
459 http cache ee-first@https://registry.npmjs.org/ee-first/-/ee-first-1.1.1.tgz 0ms (cache hit)
460 http cache lru-cache@https://registry.npmjs.org/lru-cache/-/lru-cache-7.18.3.tgz 1ms (cache hit)
461 http cache is-property@https://registry.npmjs.org/is-property/-/is-property-1.0.2.tgz 0ms (cache hit)
462 http cache sqlstring@https://registry.npmjs.org/sqlstring/-/sqlstring-2.3.3.tgz 0ms (cache hit)
463 http cache seq-queue@https://registry.npmjs.org/seq-queue/-/seq-queue-0.0.5.tgz 0ms (cache hit)
464 http cache named-placeholders@https://registry.npmjs.org/named-placeholders/-/named-placeholders-1.1.3.tgz 0ms (cache hit)
465 http cache lru.min@https://registry.npmjs.org/lru.min/-/lru.min-1.1.2.tgz 0ms (cache hit)
466 http cache long@https://registry.npmjs.org/long/-/long-5.3.2.tgz 0ms (cache hit)
467 http cache generate-function@https://registry.npmjs.org/generate-function/-/generate-function-2.3.1.tgz 0ms (cache hit)
468 http cache denque@https://registry.npmjs.org/denque/-/denque-2.1.0.tgz 0ms (cache hit)
469 http cache aws-ssl-profiles@https://registry.npmjs.org/aws-ssl-profiles/-/aws-ssl-profiles-1.1.2.tgz 1ms (cache hit)
470 http cache mime-db@https://registry.npmjs.org/mime-db/-/mime-db-1.54.0.tgz 0ms (cache hit)
471 http cache safer-buffer@https://registry.npmjs.org/safer-buffer/-/safer-buffer-2.1.2.tgz 0ms (cache hit)
472 http cache toidentifier@https://registry.npmjs.org/toidentifier/-/toidentifier-1.0.1.tgz 0ms (cache hit)
473 http cache setprototypeof@https://registry.npmjs.org/setprototypeof/-/setprototypeof-1.2.0.tgz 0ms (cache hit)
474 http cache inherits@https://registry.npmjs.org/inherits/-/inherits-2.0.4.tgz 0ms (cache hit)
475 http cache depd@https://registry.npmjs.org/depd/-/depd-2.0.0.tgz 0ms (cache hit)
476 http cache ms@https://registry.npmjs.org/ms/-/ms-2.1.3.tgz 0ms (cache hit)
477 http cache safe-buffer@https://registry.npmjs.org/safe-buffer/-/safe-buffer-5.2.1.tgz 0ms (cache hit)
478 http cache raw-body@https://registry.npmjs.org/raw-body/-/raw-body-3.0.1.tgz 1ms (cache hit)
479 http cache iconv-lite@https://registry.npmjs.org/iconv-lite/-/iconv-lite-0.6.3.tgz 1ms (cache hit)
480 http cache negotiator@https://registry.npmjs.org/negotiator/-/negotiator-1.0.0.tgz 0ms (cache hit)
481 http cache vary@https://registry.npmjs.org/vary/-/vary-1.1.2.tgz 0ms (cache hit)
482 http cache type-is@https://registry.npmjs.org/type-is/-/type-is-2.0.1.tgz 0ms (cache hit)
483 http cache statuses@https://registry.npmjs.org/statuses/-/statuses-2.0.2.tgz 0ms (cache hit)
484 http cache bytes@https://registry.npmjs.org/bytes/-/bytes-3.1.2.tgz 0ms (cache hit)
485 http cache serve-static@https://registry.npmjs.org/serve-static/-/serve-static-2.2.0.tgz 1ms (cache hit)
486 http cache send@https://registry.npmjs.org/send/-/send-1.2.0.tgz 0ms (cache hit)
487 http cache router@https://registry.npmjs.org/router/-/router-2.2.0.tgz 0ms (cache hit)
488 http cache range-parser@https://registry.npmjs.org/range-parser/-/range-parser-1.2.1.tgz 0ms (cache hit)
489 http cache qs@https://registry.npmjs.org/qs/-/qs-6.14.0.tgz 0ms (cache hit)
490 http cache proxy-addr@https://registry.npmjs.org/proxy-addr/-/proxy-addr-2.0.7.tgz 0ms (cache hit)
491 http cache parseurl@https://registry.npmjs.org/parseurl/-/parseurl-1.3.3.tgz 0ms (cache hit)
492 http cache once@https://registry.npmjs.org/once/-/once-1.4.0.tgz 0ms (cache hit)
493 http cache on-finished@https://registry.npmjs.org/on-finished/-/on-finished-2.4.1.tgz 0ms (cache hit)
494 http cache mime-types@https://registry.npmjs.org/mime-types/-/mime-types-3.0.1.tgz 0ms (cache hit)
495 http cache merge-descriptors@https://registry.npmjs.org/merge-descriptors/-/merge-descriptors-2.0.0.tgz 0ms (cache hit)
496 http cache http-errors@https://registry.npmjs.org/http-errors/-/http-errors-2.0.0.tgz 0ms (cache hit)
497 http cache fresh@https://registry.npmjs.org/fresh/-/fresh-2.0.0.tgz 0ms (cache hit)
498 http cache finalhandler@https://registry.npmjs.org/finalhandler/-/finalhandler-2.1.0.tgz 0ms (cache hit)
499 http cache etag@https://registry.npmjs.org/etag/-/etag-1.8.1.tgz 0ms (cache hit)
500 http cache escape-html@https://registry.npmjs.org/escape-html/-/escape-html-1.0.3.tgz 0ms (cache hit)
501 http cache encodeurl@https://registry.npmjs.org/encodeurl/-/encodeurl-2.0.0.tgz 0ms (cache hit)
502 http cache debug@https://registry.npmjs.org/debug/-/debug-4.4.3.tgz 0ms (cache hit)
503 http cache cookie-signature@https://registry.npmjs.org/cookie-signature/-/cookie-signature-1.2.2.tgz 0ms (cache hit)
504 http cache cookie@https://registry.npmjs.org/cookie/-/cookie-0.7.2.tgz 1ms (cache hit)
505 http cache content-type@https://registry.npmjs.org/content-type/-/content-type-1.0.5.tgz 0ms (cache hit)
506 http cache content-disposition@https://registry.npmjs.org/content-disposition/-/content-disposition-1.0.0.tgz 0ms (cache hit)
507 http cache body-parser@https://registry.npmjs.org/body-parser/-/body-parser-2.2.0.tgz 0ms (cache hit)
508 http cache mysql2@https://registry.npmjs.org/mysql2/-/mysql2-3.15.3.tgz 0ms (cache hit)
509 http cache accepts@https://registry.npmjs.org/accepts/-/accepts-2.0.0.tgz 0ms (cache hit)
510 http cache express@https://registry.npmjs.org/express/-/express-5.1.0.tgz 0ms (cache hit)
511 http cache statuses@https://registry.npmjs.org/statuses/-/statuses-2.0.1.tgz 0ms (cache hit)
512 http cache iconv-lite@https://registry.npmjs.org/iconv-lite/-/iconv-lite-0.7.0.tgz 0ms (cache hit)
513 http cache iconv-lite@https://registry.npmjs.org/iconv-lite/-/iconv-lite-0.7.0.tgz 0ms (cache hit)
514 silly tarball no local data for media-typer@https://registry.npmjs.org/media-typer/-/media-typer-1.1.0.tgz. Extracting by manifest.
515 silly tarball no local data for math-intrinsics@https://registry.npmjs.org/math-intrinsics/-/math-intrinsics-1.1.0.tgz. Extracting by manifest.
516 silly tarball no local data for has-symbols@https://registry.npmjs.org/has-symbols/-/has-symbols-1.1.0.tgz. Extracting by manifest.
517 silly tarball no local data for dunder-proto@https://registry.npmjs.org/dunder-proto/-/dunder-proto-1.0.1.tgz. Extracting by manifest.
518 silly tarball no local data for hasown@https://registry.npmjs.org/hasown/-/hasown-2.0.2.tgz. Extracting by manifest.
519 silly tarball no local data for gopd@https://registry.npmjs.org/gopd/-/gopd-1.2.0.tgz. Extracting by manifest.
520 silly tarball no local data for get-proto@https://registry.npmjs.org/get-proto/-/get-proto-1.0.1.tgz. Extracting by manifest.
521 silly tarball no local data for es-object-atoms@https://registry.npmjs.org/es-object-atoms/-/es-object-atoms-1.1.1.tgz. Extracting by manifest.
522 silly tarball no local data for es-define-property@https://registry.npmjs.org/es-define-property/-/es-define-property-1.0.1.tgz. Extracting by manifest.
523 silly tarball no local data for function-bind@https://registry.npmjs.org/function-bind/-/function-bind-1.1.2.tgz. Extracting by manifest.
524 silly tarball no local data for call-bind-apply-helpers@https://registry.npmjs.org/call-bind-apply-helpers/-/call-bind-apply-helpers-1.0.2.tgz. Extracting by manifest.
525 silly tarball no local data for get-intrinsic@https://registry.npmjs.org/get-intrinsic/-/get-intrinsic-1.3.0.tgz. Extracting by manifest.
526 silly tarball no local data for call-bound@https://registry.npmjs.org/call-bound/-/call-bound-1.0.4.tgz. Extracting by manifest.
527 silly tarball no local data for side-channel-weakmap@https://registry.npmjs.org/side-channel-weakmap/-/side-channel-weakmap-1.0.2.tgz. Extracting by manifest.
528 silly tarball no local data for side-channel-map@https://registry.npmjs.org/side-channel-map/-/side-channel-map-1.0.1.tgz. Extracting by manifest.
529 silly tarball no local data for side-channel-list@https://registry.npmjs.org/side-channel-list/-/side-channel-list-1.0.0.tgz. Extracting by manifest.
530 silly tarball no local data for object-inspect@https://registry.npmjs.org/object-inspect/-/object-inspect-1.13.4.tgz. Extracting by manifest.
531 silly tarball no local data for es-errors@https://registry.npmjs.org/es-errors/-/es-errors-1.3.0.tgz. Extracting by manifest.
532 silly tarball no local data for path-to-regexp@https://registry.npmjs.org/path-to-regexp/-/path-to-regexp-8.3.0.tgz. Extracting by manifest.
533 silly tarball no local data for is-promise@https://registry.npmjs.org/is-promise/-/is-promise-4.0.0.tgz. Extracting by manifest.
534 silly tarball no local data for unpipe@https://registry.npmjs.org/unpipe/-/unpipe-1.0.0.tgz. Extracting by manifest.
535 silly tarball no local data for side-channel@https://registry.npmjs.org/side-channel/-/side-channel-1.1.0.tgz. Extracting by manifest.
536 silly tarball no local data for ipaddr.js@https://registry.npmjs.org/ipaddr.js/-/ipaddr.js-1.9.1.tgz. Extracting by manifest.
537 silly tarball no local data for forwarded@https://registry.npmjs.org/forwarded/-/forwarded-0.2.0.tgz. Extracting by manifest.
538 silly tarball no local data for wrappy@https://registry.npmjs.org/wrappy/-/wrappy-1.0.2.tgz. Extracting by manifest.
539 silly tarball no local data for ee-first@https://registry.npmjs.org/ee-first/-/ee-first-1.1.1.tgz. Extracting by manifest.
540 silly tarball no local data for lru-cache@https://registry.npmjs.org/lru-cache/-/lru-cache-7.18.3.tgz. Extracting by manifest.
541 silly tarball no local data for is-property@https://registry.npmjs.org/is-property/-/is-property-1.0.2.tgz. Extracting by manifest.
542 silly tarball no local data for sqlstring@https://registry.npmjs.org/sqlstring/-/sqlstring-2.3.3.tgz. Extracting by manifest.
543 silly tarball no local data for seq-queue@https://registry.npmjs.org/seq-queue/-/seq-queue-0.0.5.tgz. Extracting by manifest.
544 silly tarball no local data for named-placeholders@https://registry.npmjs.org/named-placeholders/-/named-placeholders-1.1.3.tgz. Extracting by manifest.
545 silly tarball no local data for lru.min@https://registry.npmjs.org/lru.min/-/lru.min-1.1.2.tgz. Extracting by manifest.
546 silly tarball no local data for long@https://registry.npmjs.org/long/-/long-5.3.2.tgz. Extracting by manifest.
547 silly tarball no local data for generate-function@https://registry.npmjs.org/generate-function/-/generate-function-2.3.1.tgz. Extracting by manifest.
548 silly tarball no local data for denque@https://registry.npmjs.org/denque/-/denque-2.1.0.tgz. Extracting by manifest.
549 silly tarball no local data for aws-ssl-profiles@https://registry.npmjs.org/aws-ssl-profiles/-/aws-ssl-profiles-1.1.2.tgz. Extracting by manifest.
550 silly tarball no local data for mime-db@https://registry.npmjs.org/mime-db/-/mime-db-1.54.0.tgz. Extracting by manifest.
551 silly tarball no local data for safer-buffer@https://registry.npmjs.org/safer-buffer/-/safer-buffer-2.1.2.tgz. Extracting by manifest.
552 silly tarball no local data for toidentifier@https://registry.npmjs.org/toidentifier/-/toidentifier-1.0.1.tgz. Extracting by manifest.
553 silly tarball no local data for setprototypeof@https://registry.npmjs.org/setprototypeof/-/setprototypeof-1.2.0.tgz. Extracting by manifest.
554 silly tarball no local data for inherits@https://registry.npmjs.org/inherits/-/inherits-2.0.4.tgz. Extracting by manifest.
555 silly tarball no local data for depd@https://registry.npmjs.org/depd/-/depd-2.0.0.tgz. Extracting by manifest.
556 silly tarball no local data for ms@https://registry.npmjs.org/ms/-/ms-2.1.3.tgz. Extracting by manifest.
557 silly tarball no local data for safe-buffer@https://registry.npmjs.org/safe-buffer/-/safe-buffer-5.2.1.tgz. Extracting by manifest.
558 silly tarball no local data for raw-body@https://registry.npmjs.org/raw-body/-/raw-body-3.0.1.tgz. Extracting by manifest.
559 silly tarball no local data for iconv-lite@https://registry.npmjs.org/iconv-lite/-/iconv-lite-0.6.3.tgz. Extracting by manifest.
560 silly tarball no local data for negotiator@https://registry.npmjs.org/negotiator/-/negotiator-1.0.0.tgz. Extracting by manifest.
561 silly tarball no local data for vary@https://registry.npmjs.org/vary/-/vary-1.1.2.tgz. Extracting by manifest.
562 silly tarball no local data for type-is@https://registry.npmjs.org/type-is/-/type-is-2.0.1.tgz. Extracting by manifest.
563 silly tarball no local data for statuses@https://registry.npmjs.org/statuses/-/statuses-2.0.2.tgz. Extracting by manifest.
564 silly tarball no local data for bytes@https://registry.npmjs.org/bytes/-/bytes-3.1.2.tgz. Extracting by manifest.
565 silly tarball no local data for serve-static@https://registry.npmjs.org/serve-static/-/serve-static-2.2.0.tgz. Extracting by manifest.
566 silly tarball no local data for send@https://registry.npmjs.org/send/-/send-1.2.0.tgz. Extracting by manifest.
567 silly tarball no local data for router@https://registry.npmjs.org/router/-/router-2.2.0.tgz. Extracting by manifest.
568 silly tarball no local data for range-parser@https://registry.npmjs.org/range-parser/-/range-parser-1.2.1.tgz. Extracting by manifest.
569 silly tarball no local data for qs@https://registry.npmjs.org/qs/-/qs-6.14.0.tgz. Extracting by manifest.
570 silly tarball no local data for proxy-addr@https://registry.npmjs.org/proxy-addr/-/proxy-addr-2.0.7.tgz. Extracting by manifest.
571 silly tarball no local data for parseurl@https://registry.npmjs.org/parseurl/-/parseurl-1.3.3.tgz. Extracting by manifest.
572 silly tarball no local data for once@https://registry.npmjs.org/once/-/once-1.4.0.tgz. Extracting by manifest.
573 silly tarball no local data for on-finished@https://registry.npmjs.org/on-finished/-/on-finished-2.4.1.tgz. Extracting by manifest.
574 silly tarball no local data for mime-types@https://registry.npmjs.org/mime-types/-/mime-types-3.0.1.tgz. Extracting by manifest.
575 silly tarball no local data for merge-descriptors@https://registry.npmjs.org/merge-descriptors/-/merge-descriptors-2.0.0.tgz. Extracting by manifest.
576 silly tarball no local data for http-errors@https://registry.npmjs.org/http-errors/-/http-errors-2.0.0.tgz. Extracting by manifest.
577 silly tarball no local data for fresh@https://registry.npmjs.org/fresh/-/fresh-2.0.0.tgz. Extracting by manifest.
578 silly tarball no local data for finalhandler@https://registry.npmjs.org/finalhandler/-/finalhandler-2.1.0.tgz. Extracting by manifest.
579 silly tarball no local data for etag@https://registry.npmjs.org/etag/-/etag-1.8.1.tgz. Extracting by manifest.
580 silly tarball no local data for escape-html@https://registry.npmjs.org/escape-html/-/escape-html-1.0.3.tgz. Extracting by manifest.
581 silly tarball no local data for encodeurl@https://registry.npmjs.org/encodeurl/-/encodeurl-2.0.0.tgz. Extracting by manifest.
582 silly tarball no local data for debug@https://registry.npmjs.org/debug/-/debug-4.4.3.tgz. Extracting by manifest.
583 silly tarball no local data for cookie-signature@https://registry.npmjs.org/cookie-signature/-/cookie-signature-1.2.2.tgz. Extracting by manifest.
584 silly tarball no local data for cookie@https://registry.npmjs.org/cookie/-/cookie-0.7.2.tgz. Extracting by manifest.
585 silly tarball no local data for content-type@https://registry.npmjs.org/content-type/-/content-type-1.0.5.tgz. Extracting by manifest.
586 silly tarball no local data for content-disposition@https://registry.npmjs.org/content-disposition/-/content-disposition-1.0.0.tgz. Extracting by manifest.
587 silly tarball no local data for body-parser@https://registry.npmjs.org/body-parser/-/body-parser-2.2.0.tgz. Extracting by manifest.
588 silly tarball no local data for mysql2@https://registry.npmjs.org/mysql2/-/mysql2-3.15.3.tgz. Extracting by manifest.
589 silly tarball no local data for accepts@https://registry.npmjs.org/accepts/-/accepts-2.0.0.tgz. Extracting by manifest.
590 silly tarball no local data for express@https://registry.npmjs.org/express/-/express-5.1.0.tgz. Extracting by manifest.
591 silly tarball no local data for statuses@https://registry.npmjs.org/statuses/-/statuses-2.0.1.tgz. Extracting by manifest.
592 silly tarball no local data for iconv-lite@https://registry.npmjs.org/iconv-lite/-/iconv-lite-0.7.0.tgz. Extracting by manifest.
593 silly tarball no local data for iconv-lite@https://registry.npmjs.org/iconv-lite/-/iconv-lite-0.7.0.tgz. Extracting by manifest.
594 http fetch GET 200 https://registry.npmjs.org/has-symbols/-/has-symbols-1.1.0.tgz 442ms (cache miss)
595 http fetch GET 200 https://registry.npmjs.org/hasown/-/hasown-2.0.2.tgz 464ms (cache miss)
596 http fetch GET 200 https://registry.npmjs.org/media-typer/-/media-typer-1.1.0.tgz 532ms (cache miss)
597 http fetch GET 200 https://registry.npmjs.org/gopd/-/gopd-1.2.0.tgz 522ms (cache miss)
598 http fetch POST 200 https://registry.npmjs.org/-/npm/v1/security/advisories/bulk 781ms
599 silly audit report {}
600 http fetch GET 200 https://registry.npmjs.org/dunder-proto/-/dunder-proto-1.0.1.tgz 609ms (cache miss)
601 http fetch GET 200 https://registry.npmjs.org/side-channel-map/-/side-channel-map-1.0.1.tgz 671ms (cache miss)
602 http fetch GET 200 https://registry.npmjs.org/math-intrinsics/-/math-intrinsics-1.1.0.tgz 710ms (cache miss)
603 http fetch GET 200 https://registry.npmjs.org/side-channel-list/-/side-channel-list-1.0.0.tgz 1423ms (cache miss)
604 http fetch GET 200 https://registry.npmjs.org/unpipe/-/unpipe-1.0.0.tgz 2286ms (cache miss)
605 http fetch GET 200 https://registry.npmjs.org/es-define-property/-/es-define-property-1.0.1.tgz 2536ms (cache miss)
606 http fetch GET 200 https://registry.npmjs.org/es-errors/-/es-errors-1.3.0.tgz 3097ms (cache miss)
607 http fetch GET 200 https://registry.npmjs.org/forwarded/-/forwarded-0.2.0.tgz 3130ms (cache miss)
608 http fetch GET 200 https://registry.npmjs.org/wrappy/-/wrappy-1.0.2.tgz 3150ms (cache miss)
609 http fetch GET 200 https://registry.npmjs.org/side-channel/-/side-channel-1.1.0.tgz 3512ms (cache miss)
610 http fetch GET 200 https://registry.npmjs.org/is-promise/-/is-promise-4.0.0.tgz 3518ms (cache miss)
611 http fetch GET 200 https://registry.npmjs.org/path-to-regexp/-/path-to-regexp-8.3.0.tgz 3770ms (cache miss)
612 http fetch GET 200 https://registry.npmjs.org/ee-first/-/ee-first-1.1.1.tgz 3998ms (cache miss)
613 http fetch GET 200 https://registry.npmjs.org/get-proto/-/get-proto-1.0.1.tgz 4629ms (cache miss)
614 http fetch GET 200 https://registry.npmjs.org/call-bind-apply-helpers/-/call-bind-apply-helpers-1.0.2.tgz 5106ms (cache miss)
615 http fetch GET 200 https://registry.npmjs.org/lru.min/-/lru.min-1.1.2.tgz 5120ms (cache miss)
616 http fetch GET 200 https://registry.npmjs.org/get-intrinsic/-/get-intrinsic-1.3.0.tgz 5637ms (cache miss)
617 http fetch GET 200 https://registry.npmjs.org/call-bound/-/call-bound-1.0.4.tgz 5638ms (cache miss)
618 http fetch GET 200 https://registry.npmjs.org/long/-/long-5.3.2.tgz 6306ms (cache miss)
619 http fetch GET 200 https://registry.npmjs.org/sqlstring/-/sqlstring-2.3.3.tgz 6436ms (cache miss)
620 http fetch GET 200 https://registry.npmjs.org/denque/-/denque-2.1.0.tgz 6468ms (cache miss)
621 http fetch GET 200 https://registry.npmjs.org/side-channel-weakmap/-/side-channel-weakmap-1.0.2.tgz 6584ms (cache miss)
622 http fetch GET 200 https://registry.npmjs.org/es-object-atoms/-/es-object-atoms-1.1.1.tgz 6911ms (cache miss)
623 http fetch GET 200 https://registry.npmjs.org/seq-queue/-/seq-queue-0.0.5.tgz 6870ms (cache miss)
624 http fetch GET 200 https://registry.npmjs.org/function-bind/-/function-bind-1.1.2.tgz 6913ms (cache miss)
625 http fetch GET 200 https://registry.npmjs.org/safer-buffer/-/safer-buffer-2.1.2.tgz 6991ms (cache miss)
626 http fetch GET 200 https://registry.npmjs.org/named-placeholders/-/named-placeholders-1.1.3.tgz 7009ms (cache miss)
627 http fetch GET 200 https://registry.npmjs.org/lru-cache/-/lru-cache-7.18.3.tgz 7157ms (cache miss)
628 http fetch GET 200 https://registry.npmjs.org/inherits/-/inherits-2.0.4.tgz 7171ms (cache miss)
629 http fetch GET 200 https://registry.npmjs.org/setprototypeof/-/setprototypeof-1.2.0.tgz 7190ms (cache miss)
630 http fetch GET 200 https://registry.npmjs.org/ms/-/ms-2.1.3.tgz 7915ms (cache miss)
631 http fetch GET 200 https://registry.npmjs.org/generate-function/-/generate-function-2.3.1.tgz 8370ms (cache miss)
632 http fetch GET 200 https://registry.npmjs.org/ipaddr.js/-/ipaddr.js-1.9.1.tgz 9372ms (cache miss)
633 http fetch GET 200 https://registry.npmjs.org/type-is/-/type-is-2.0.1.tgz 9330ms (cache miss)
634 http fetch GET 200 https://registry.npmjs.org/aws-ssl-profiles/-/aws-ssl-profiles-1.1.2.tgz 9360ms (cache miss)
635 http fetch GET 200 https://registry.npmjs.org/mime-db/-/mime-db-1.54.0.tgz 9361ms (cache miss)
636 http fetch GET 200 https://registry.npmjs.org/depd/-/depd-2.0.0.tgz 9357ms (cache miss)
637 http fetch GET 200 https://registry.npmjs.org/statuses/-/statuses-2.0.2.tgz 9343ms (cache miss)
638 http fetch GET 200 https://registry.npmjs.org/bytes/-/bytes-3.1.2.tgz 9350ms (cache miss)
639 http fetch GET 200 https://registry.npmjs.org/router/-/router-2.2.0.tgz 9419ms (cache miss)
640 http fetch GET 200 https://registry.npmjs.org/proxy-addr/-/proxy-addr-2.0.7.tgz 9472ms (cache miss)
641 http fetch GET 200 https://registry.npmjs.org/vary/-/vary-1.1.2.tgz 9539ms (cache miss)
642 http fetch GET 200 https://registry.npmjs.org/parseurl/-/parseurl-1.3.3.tgz 9537ms (cache miss)
643 http fetch GET 200 https://registry.npmjs.org/object-inspect/-/object-inspect-1.13.4.tgz 9675ms (cache miss)
644 http fetch GET 200 https://registry.npmjs.org/once/-/once-1.4.0.tgz 9725ms (cache miss)
645 http fetch GET 200 https://registry.npmjs.org/range-parser/-/range-parser-1.2.1.tgz 9742ms (cache miss)
646 http fetch GET 200 https://registry.npmjs.org/serve-static/-/serve-static-2.2.0.tgz 9763ms (cache miss)
647 http fetch GET 200 https://registry.npmjs.org/toidentifier/-/toidentifier-1.0.1.tgz 9827ms (cache miss)
648 http fetch GET 200 https://registry.npmjs.org/on-finished/-/on-finished-2.4.1.tgz 9828ms (cache miss)
649 http fetch GET 200 https://registry.npmjs.org/merge-descriptors/-/merge-descriptors-2.0.0.tgz 9924ms (cache miss)
650 http fetch GET 200 https://registry.npmjs.org/mime-types/-/mime-types-3.0.1.tgz 9981ms (cache miss)
651 http fetch GET 200 https://registry.npmjs.org/send/-/send-1.2.0.tgz 10212ms (cache miss)
652 http fetch GET 200 https://registry.npmjs.org/is-property/-/is-property-1.0.2.tgz 10341ms (cache miss)
653 http fetch GET 200 https://registry.npmjs.org/fresh/-/fresh-2.0.0.tgz 10289ms (cache miss)
654 http fetch GET 200 https://registry.npmjs.org/escape-html/-/escape-html-1.0.3.tgz 10383ms (cache miss)
655 http fetch GET 200 https://registry.npmjs.org/content-disposition/-/content-disposition-1.0.0.tgz 11270ms (cache miss)
656 http fetch GET 200 https://registry.npmjs.org/encodeurl/-/encodeurl-2.0.0.tgz 11906ms (cache miss)
657 http fetch GET 200 https://registry.npmjs.org/raw-body/-/raw-body-3.0.1.tgz 12362ms (cache miss)
658 http fetch GET 200 https://registry.npmjs.org/cookie/-/cookie-0.7.2.tgz 12577ms (cache miss)
659 http fetch GET 200 https://registry.npmjs.org/http-errors/-/http-errors-2.0.0.tgz 12710ms (cache miss)
660 http fetch GET 200 https://registry.npmjs.org/finalhandler/-/finalhandler-2.1.0.tgz 13238ms (cache miss)
661 http fetch GET 200 https://registry.npmjs.org/statuses/-/statuses-2.0.1.tgz 13704ms (cache miss)
662 http fetch GET 200 https://registry.npmjs.org/etag/-/etag-1.8.1.tgz 14196ms (cache miss)
663 http fetch GET 200 https://registry.npmjs.org/negotiator/-/negotiator-1.0.0.tgz 14387ms (cache miss)
664 http fetch GET 200 https://registry.npmjs.org/content-type/-/content-type-1.0.5.tgz 14491ms (cache miss)
665 http fetch GET 200 https://registry.npmjs.org/qs/-/qs-6.14.0.tgz 14725ms (cache miss)
666 http fetch GET 200 https://registry.npmjs.org/cookie-signature/-/cookie-signature-1.2.2.tgz 14714ms (cache miss)
667 http fetch GET 200 https://registry.npmjs.org/debug/-/debug-4.4.3.tgz 14784ms (cache miss)
668 http fetch GET 200 https://registry.npmjs.org/accepts/-/accepts-2.0.0.tgz 14773ms (cache miss)
669 http fetch GET 200 https://registry.npmjs.org/body-parser/-/body-parser-2.2.0.tgz 15239ms (cache miss)
670 http fetch GET 200 https://registry.npmjs.org/mysql2/-/mysql2-3.15.3.tgz 16178ms (cache miss)
671 http fetch GET 200 https://registry.npmjs.org/iconv-lite/-/iconv-lite-0.6.3.tgz 16883ms (cache miss)
672 http fetch GET 200 https://registry.npmjs.org/express/-/express-5.1.0.tgz 17419ms (cache miss)
673 http fetch GET 200 https://registry.npmjs.org/safe-buffer/-/safe-buffer-5.2.1.tgz 18092ms (cache miss)
674 http fetch GET 200 https://registry.npmjs.org/iconv-lite/-/iconv-lite-0.7.0.tgz 21529ms (cache miss)
675 http fetch GET 200 https://registry.npmjs.org/iconv-lite/-/iconv-lite-0.7.0.tgz 28042ms (cache miss)
676 silly ADD node_modules/media-typer
677 silly ADD node_modules/dunder-proto
678 silly ADD node_modules/math-intrinsics
679 silly ADD node_modules/hasown
680 silly ADD node_modules/has-symbols
681 silly ADD node_modules/gopd
682 silly ADD node_modules/get-proto
683 silly ADD node_modules/es-object-atoms
684 silly ADD node_modules/es-define-property
685 silly ADD node_modules/function-bind
686 silly ADD node_modules/call-bind-apply-helpers
687 silly ADD node_modules/get-intrinsic
688 silly ADD node_modules/call-bound
689 silly ADD node_modules/side-channel-weakmap
690 silly ADD node_modules/side-channel-map
691 silly ADD node_modules/side-channel-list
692 silly ADD node_modules/object-inspect
693 silly ADD node_modules/es-errors
694 silly ADD node_modules/path-to-regexp
695 silly ADD node_modules/is-promise
696 silly ADD node_modules/unpipe
697 silly ADD node_modules/side-channel
698 silly ADD node_modules/ipaddr.js
699 silly ADD node_modules/forwarded
700 silly ADD node_modules/wrappy
701 silly ADD node_modules/ee-first
702 silly ADD node_modules/lru-cache
703 silly ADD node_modules/is-property
704 silly ADD node_modules/sqlstring
705 silly ADD node_modules/seq-queue
706 silly ADD node_modules/named-placeholders
707 silly ADD node_modules/lru.min
708 silly ADD node_modules/long
709 silly ADD node_modules/generate-function
710 silly ADD node_modules/denque
711 silly ADD node_modules/aws-ssl-profiles
712 silly ADD node_modules/mime-db
713 silly ADD node_modules/safer-buffer
714 silly ADD node_modules/toidentifier
715 silly ADD node_modules/setprototypeof
716 silly ADD node_modules/inherits
717 silly ADD node_modules/depd
718 silly ADD node_modules/ms
719 silly ADD node_modules/safe-buffer
720 silly ADD node_modules/raw-body
721 silly ADD node_modules/raw-body/node_modules/iconv-lite
722 silly ADD node_modules/iconv-lite
723 silly ADD node_modules/bytes
724 silly ADD node_modules/negotiator
725 silly ADD node_modules/vary
726 silly ADD node_modules/type-is
727 silly ADD node_modules/statuses
728 silly ADD node_modules/serve-static
729 silly ADD node_modules/send
730 silly ADD node_modules/router
731 silly ADD node_modules/range-parser
732 silly ADD node_modules/qs
733 silly ADD node_modules/proxy-addr
734 silly ADD node_modules/parseurl
735 silly ADD node_modules/once
736 silly ADD node_modules/on-finished
737 silly ADD node_modules/mime-types
738 silly ADD node_modules/merge-descriptors
739 silly ADD node_modules/http-errors
740 silly ADD node_modules/http-errors/node_modules/statuses
741 silly ADD node_modules/fresh
742 silly ADD node_modules/finalhandler
743 silly ADD node_modules/etag
744 silly ADD node_modules/escape-html
745 silly ADD node_modules/encodeurl
746 silly ADD node_modules/debug
747 silly ADD node_modules/cookie-signature
748 silly ADD node_modules/cookie
749 silly ADD node_modules/content-type
750 silly ADD node_modules/content-disposition
751 silly ADD node_modules/body-parser
752 silly ADD node_modules/accepts
753 silly ADD node_modules/mysql2
754 silly ADD node_modules/mysql2/node_modules/iconv-lite
755 silly ADD node_modules/express
756 verbose cwd /data/data/com.termux/files/home/simnovo_app
757 verbose os Linux 5.4.254-android12-9-660873-gb555c87043d9-ab603
758 verbose node v24.9.0
759 verbose npm  v11.6.0
760 verbose exit 0
761 info ok
