0 verbose cli /data/data/com.termux/files/usr/bin/node /data/data/com.termux/files/usr/bin/npm
1 info using npm@11.6.0
2 info using node@v24.9.0
3 silly config load:file:/data/data/com.termux/files/usr/lib/node_modules/npm/npmrc
4 silly config load:file:/data/data/com.termux/files/home/downloads/simnovo_app/.npmrc
5 silly config load:file:/data/data/com.termux/files/home/.npmrc
6 silly config load:file:/data/data/com.termux/files/usr/etc/npmrc
7 verbose title npm install express
8 verbose argv "install" "express"
9 verbose logfile logs-max:10 dir:/data/data/com.termux/files/home/.npm/_logs/2025-10-29T07_55_14_270Z-
10 verbose logfile /data/data/com.termux/files/home/.npm/_logs/2025-10-29T07_55_14_270Z-debug-0.log
11 silly logfile done cleaning log files
12 silly packumentCache heap:1089470464 maxSize:272367616 maxEntrySize:136183808
13 silly idealTree buildDeps
14 silly fetch manifest express@*
15 silly packumentCache full:https://registry.npmjs.org/express cache-miss
16 http fetch GET 200 https://registry.npmjs.org/express 612ms (cache revalidated)
17 silly packumentCache full:https://registry.npmjs.org/express set size:796286 disposed:false
18 silly placeDep ROOT express@5.1.0 OK for: simnovo_app@1.0.0 want: *
19 silly fetch manifest qs@^6.14.0
20 silly packumentCache full:https://registry.npmjs.org/qs cache-miss
21 silly fetch manifest etag@^1.8.1
22 silly packumentCache full:https://registry.npmjs.org/etag cache-miss
23 silly fetch manifest once@^1.4.0
24 silly packumentCache full:https://registry.npmjs.org/once cache-miss
25 silly fetch manifest send@^1.1.0
26 silly packumentCache full:https://registry.npmjs.org/send cache-miss
27 silly fetch manifest vary@^1.1.2
28 silly packumentCache full:https://registry.npmjs.org/vary cache-miss
29 silly fetch manifest debug@^4.4.0
30 silly packumentCache full:https://registry.npmjs.org/debug cache-miss
31 silly fetch manifest fresh@^2.0.0
32 silly packumentCache full:https://registry.npmjs.org/fresh cache-miss
33 http fetch GET 200 https://registry.npmjs.org/qs 186ms (cache revalidated)
34 silly packumentCache full:https://registry.npmjs.org/qs set size:264677 disposed:false
35 silly fetch manifest cookie@^0.7.1
36 silly packumentCache full:https://registry.npmjs.org/cookie cache-miss
37 http fetch GET 200 https://registry.npmjs.org/vary 347ms (cache revalidated)
38 silly packumentCache full:https://registry.npmjs.org/vary set size:16018 disposed:false
39 silly fetch manifest router@^2.2.0
40 silly packumentCache full:https://registry.npmjs.org/router cache-miss
41 http fetch GET 200 https://registry.npmjs.org/cookie 164ms (cache revalidated)
42 silly packumentCache full:https://registry.npmjs.org/cookie set size:67180 disposed:false
43 silly fetch manifest accepts@^2.0.0
44 silly packumentCache full:https://registry.npmjs.org/accepts cache-miss
45 http fetch GET 200 https://registry.npmjs.org/once 412ms (cache revalidated)
46 silly packumentCache full:https://registry.npmjs.org/once set size:11768 disposed:false
47 silly fetch manifest type-is@^2.0.1
48 silly packumentCache full:https://registry.npmjs.org/type-is cache-miss
49 http fetch GET 200 https://registry.npmjs.org/send 435ms (cache revalidated)
50 silly packumentCache full:https://registry.npmjs.org/send set size:147586 disposed:false
51 silly fetch manifest parseurl@^1.3.3
52 silly packumentCache full:https://registry.npmjs.org/parseurl cache-miss
53 http fetch GET 200 https://registry.npmjs.org/etag 456ms (cache revalidated)
54 silly packumentCache full:https://registry.npmjs.org/etag set size:30032 disposed:false
55 silly fetch manifest statuses@^2.0.1
56 silly packumentCache full:https://registry.npmjs.org/statuses cache-miss
57 http fetch GET 200 https://registry.npmjs.org/debug 468ms (cache revalidated)
58 silly packumentCache full:https://registry.npmjs.org/debug set size:195840 disposed:false
59 silly fetch manifest encodeurl@^2.0.0
60 silly packumentCache full:https://registry.npmjs.org/encodeurl cache-miss
61 http fetch GET 200 https://registry.npmjs.org/router 222ms (cache revalidated)
62 silly packumentCache full:https://registry.npmjs.org/router set size:116499 disposed:false
63 silly fetch manifest mime-types@^3.0.0
64 silly packumentCache full:https://registry.npmjs.org/mime-types cache-miss
65 http fetch GET 200 https://registry.npmjs.org/accepts 230ms (cache revalidated)
66 silly packumentCache full:https://registry.npmjs.org/accepts set size:77054 disposed:false
67 silly fetch manifest proxy-addr@^2.0.7
68 silly packumentCache full:https://registry.npmjs.org/proxy-addr cache-miss
69 http fetch GET 200 https://registry.npmjs.org/parseurl 196ms (cache revalidated)
70 silly packumentCache full:https://registry.npmjs.org/parseurl set size:24148 disposed:false
71 silly fetch manifest body-parser@^2.2.0
72 silly packumentCache full:https://registry.npmjs.org/body-parser cache-miss
73 http fetch GET 200 https://registry.npmjs.org/type-is 235ms (cache revalidated)
74 silly packumentCache full:https://registry.npmjs.org/type-is set size:86196 disposed:false
75 silly fetch manifest escape-html@^1.0.3
76 silly packumentCache full:https://registry.npmjs.org/escape-html cache-miss
77 http fetch GET 200 https://registry.npmjs.org/encodeurl 170ms (cache revalidated)
78 silly packumentCache full:https://registry.npmjs.org/encodeurl set size:12296 disposed:false
79 silly fetch manifest http-errors@^2.0.0
80 silly packumentCache full:https://registry.npmjs.org/http-errors cache-miss
81 http fetch GET 200 https://registry.npmjs.org/statuses 208ms (cache revalidated)
82 silly packumentCache full:https://registry.npmjs.org/statuses set size:37117 disposed:false
83 silly fetch manifest on-finished@^2.4.1
84 silly packumentCache full:https://registry.npmjs.org/on-finished cache-miss
85 http fetch GET 200 https://registry.npmjs.org/http-errors 127ms (cache revalidated)
86 silly packumentCache full:https://registry.npmjs.org/http-errors set size:69537 disposed:false
87 silly fetch manifest content-type@^1.0.5
88 silly packumentCache full:https://registry.npmjs.org/content-type cache-miss
89 http fetch GET 200 https://registry.npmjs.org/mime-types 309ms (cache revalidated)
90 silly packumentCache full:https://registry.npmjs.org/mime-types set size:136716 disposed:false
91 silly fetch manifest finalhandler@^2.1.0
92 silly packumentCache full:https://registry.npmjs.org/finalhandler cache-miss
93 http fetch GET 200 https://registry.npmjs.org/body-parser 279ms (cache revalidated)
94 silly packumentCache full:https://registry.npmjs.org/body-parser set size:209501 disposed:false
95 silly fetch manifest range-parser@^1.2.1
96 silly packumentCache full:https://registry.npmjs.org/range-parser cache-miss
97 http fetch GET 200 https://registry.npmjs.org/escape-html 305ms (cache revalidated)
98 silly packumentCache full:https://registry.npmjs.org/escape-html set size:7345 disposed:false
99 silly fetch manifest serve-static@^2.2.0
100 silly packumentCache full:https://registry.npmjs.org/serve-static cache-miss
101 http fetch GET 200 https://registry.npmjs.org/proxy-addr 351ms (cache revalidated)
102 silly packumentCache full:https://registry.npmjs.org/proxy-addr set size:61619 disposed:false
103 silly fetch manifest cookie-signature@^1.2.1
104 silly packumentCache full:https://registry.npmjs.org/cookie-signature cache-miss
105 http fetch GET 200 https://registry.npmjs.org/on-finished 305ms (cache revalidated)
106 silly packumentCache full:https://registry.npmjs.org/on-finished set size:23212 disposed:false
107 silly fetch manifest merge-descriptors@^2.0.0
108 silly packumentCache full:https://registry.npmjs.org/merge-descriptors cache-miss
109 http fetch GET 200 https://registry.npmjs.org/fresh 1001ms (cache revalidated)
110 silly packumentCache full:https://registry.npmjs.org/fresh set size:25427 disposed:false
111 silly fetch manifest content-disposition@^1.0.0
112 silly packumentCache full:https://registry.npmjs.org/content-disposition cache-miss
113 http fetch GET 200 https://registry.npmjs.org/content-type 231ms (cache revalidated)
114 silly packumentCache full:https://registry.npmjs.org/content-type set size:17311 disposed:false
115 http fetch GET 200 https://registry.npmjs.org/serve-static 123ms (cache revalidated)
116 silly packumentCache full:https://registry.npmjs.org/serve-static set size:145938 disposed:false
117 http fetch GET 200 https://registry.npmjs.org/finalhandler 197ms (cache revalidated)
118 silly packumentCache full:https://registry.npmjs.org/finalhandler set size:74406 disposed:false
119 http fetch GET 200 https://registry.npmjs.org/cookie-signature 171ms (cache revalidated)
120 silly packumentCache full:https://registry.npmjs.org/cookie-signature set size:21777 disposed:false
121 http fetch GET 200 https://registry.npmjs.org/range-parser 211ms (cache revalidated)
122 silly packumentCache full:https://registry.npmjs.org/range-parser set size:22228 disposed:false
123 http fetch GET 200 https://registry.npmjs.org/merge-descriptors 172ms (cache revalidated)
124 silly packumentCache full:https://registry.npmjs.org/merge-descriptors set size:16527 disposed:false
125 http fetch GET 200 https://registry.npmjs.org/content-disposition 248ms (cache revalidated)
126 silly packumentCache full:https://registry.npmjs.org/content-disposition set size:26893 disposed:false
127 silly placeDep ROOT accepts@2.0.0 OK for: express@5.1.0 want: ^2.0.0
128 silly placeDep ROOT body-parser@2.2.0 OK for: express@5.1.0 want: ^2.2.0
129 silly placeDep ROOT content-disposition@1.0.0 OK for: express@5.1.0 want: ^1.0.0
130 silly placeDep ROOT content-type@1.0.5 OK for: express@5.1.0 want: ^1.0.5
131 silly placeDep ROOT cookie@0.7.2 OK for: express@5.1.0 want: ^0.7.1
132 silly placeDep ROOT cookie-signature@1.2.2 OK for: express@5.1.0 want: ^1.2.1
133 silly placeDep ROOT debug@4.4.3 OK for: express@5.1.0 want: ^4.4.0
134 silly placeDep ROOT encodeurl@2.0.0 OK for: express@5.1.0 want: ^2.0.0
135 silly placeDep ROOT escape-html@1.0.3 OK for: express@5.1.0 want: ^1.0.3
136 silly placeDep ROOT etag@1.8.1 OK for: express@5.1.0 want: ^1.8.1
137 silly placeDep ROOT finalhandler@2.1.0 OK for: express@5.1.0 want: ^2.1.0
138 silly placeDep ROOT fresh@2.0.0 OK for: express@5.1.0 want: ^2.0.0
139 silly placeDep ROOT http-errors@2.0.0 OK for: express@5.1.0 want: ^2.0.0
140 silly placeDep ROOT merge-descriptors@2.0.0 OK for: express@5.1.0 want: ^2.0.0
141 silly placeDep ROOT mime-types@3.0.1 OK for: express@5.1.0 want: ^3.0.0
142 silly placeDep ROOT on-finished@2.4.1 OK for: express@5.1.0 want: ^2.4.1
143 silly placeDep ROOT once@1.4.0 OK for: express@5.1.0 want: ^1.4.0
144 silly placeDep ROOT parseurl@1.3.3 OK for: express@5.1.0 want: ^1.3.3
145 silly placeDep ROOT proxy-addr@2.0.7 OK for: express@5.1.0 want: ^2.0.7
146 silly placeDep ROOT qs@6.14.0 OK for: express@5.1.0 want: ^6.14.0
147 silly placeDep ROOT range-parser@1.2.1 OK for: express@5.1.0 want: ^1.2.1
148 silly placeDep ROOT router@2.2.0 OK for: express@5.1.0 want: ^2.2.0
149 silly placeDep ROOT send@1.2.0 OK for: express@5.1.0 want: ^1.1.0
150 silly placeDep ROOT serve-static@2.2.0 OK for: express@5.1.0 want: ^2.2.0
151 silly placeDep ROOT statuses@2.0.2 OK for: express@5.1.0 want: ^2.0.1
152 silly placeDep ROOT type-is@2.0.1 OK for: express@5.1.0 want: ^2.0.1
153 silly placeDep ROOT vary@1.1.2 OK for: express@5.1.0 want: ^1.1.2
154 silly fetch manifest negotiator@^1.0.0
155 silly packumentCache full:https://registry.npmjs.org/negotiator cache-miss
156 silly fetch manifest bytes@^3.1.2
157 silly packumentCache full:https://registry.npmjs.org/bytes cache-miss
158 silly fetch manifest type-is@^2.0.0
159 silly packumentCache full:https://registry.npmjs.org/type-is cache-hit
160 silly fetch manifest raw-body@^3.0.0
161 silly packumentCache full:https://registry.npmjs.org/raw-body cache-miss
162 silly fetch manifest iconv-lite@^0.6.3
163 silly packumentCache full:https://registry.npmjs.org/iconv-lite cache-miss
164 silly fetch manifest safe-buffer@5.2.1
165 silly packumentCache full:https://registry.npmjs.org/safe-buffer cache-miss
166 silly fetch manifest ms@^2.1.3
167 silly packumentCache full:https://registry.npmjs.org/ms cache-miss
168 silly fetch manifest depd@2.0.0
169 silly packumentCache full:https://registry.npmjs.org/depd cache-miss
170 http fetch GET 200 https://registry.npmjs.org/safe-buffer 197ms (cache revalidated)
171 silly packumentCache full:https://registry.npmjs.org/safe-buffer set size:41183 disposed:false
172 silly fetch manifest inherits@2.0.4
173 silly packumentCache full:https://registry.npmjs.org/inherits cache-miss
174 http fetch GET 200 https://registry.npmjs.org/bytes 218ms (cache revalidated)
175 silly packumentCache full:https://registry.npmjs.org/bytes set size:37018 disposed:false
176 silly fetch manifest statuses@2.0.1
177 silly packumentCache full:https://registry.npmjs.org/statuses cache-hit
178 silly fetch manifest toidentifier@1.0.1
179 silly packumentCache full:https://registry.npmjs.org/toidentifier cache-miss
180 http fetch GET 200 https://registry.npmjs.org/iconv-lite 221ms (cache revalidated)
181 silly packumentCache full:https://registry.npmjs.org/iconv-lite set size:118890 disposed:false
182 silly fetch manifest setprototypeof@1.2.0
183 silly packumentCache full:https://registry.npmjs.org/setprototypeof cache-miss
184 http fetch GET 200 https://registry.npmjs.org/negotiator 253ms (cache revalidated)
185 silly packumentCache full:https://registry.npmjs.org/negotiator set size:48046 disposed:false
186 silly fetch manifest mime-db@^1.54.0
187 silly packumentCache full:https://registry.npmjs.org/mime-db cache-miss
188 http fetch GET 200 https://registry.npmjs.org/raw-body 258ms (cache revalidated)
189 silly packumentCache full:https://registry.npmjs.org/raw-body set size:111234 disposed:false
190 silly fetch manifest ee-first@1.1.1
191 silly packumentCache full:https://registry.npmjs.org/ee-first cache-miss
192 http fetch GET 200 https://registry.npmjs.org/ms 265ms (cache revalidated)
193 silly packumentCache full:https://registry.npmjs.org/ms set size:92208 disposed:false
194 silly fetch manifest wrappy@1
195 silly packumentCache full:https://registry.npmjs.org/wrappy cache-miss
196 http fetch GET 200 https://registry.npmjs.org/depd 314ms (cache revalidated)
197 silly packumentCache full:https://registry.npmjs.org/depd set size:40182 disposed:false
198 silly fetch manifest forwarded@0.2.0
199 silly packumentCache full:https://registry.npmjs.org/forwarded cache-miss
200 http fetch GET 200 https://registry.npmjs.org/mime-db 164ms (cache revalidated)
201 silly packumentCache full:https://registry.npmjs.org/mime-db set size:164953 disposed:false
202 silly fetch manifest ipaddr.js@1.9.1
203 silly packumentCache full:https://registry.npmjs.org/ipaddr.js cache-miss
204 http fetch GET 200 https://registry.npmjs.org/ee-first 167ms (cache revalidated)
205 silly packumentCache full:https://registry.npmjs.org/ee-first set size:15327 disposed:false
206 silly fetch manifest side-channel@^1.1.0
207 silly packumentCache full:https://registry.npmjs.org/side-channel cache-miss
208 http fetch GET 200 https://registry.npmjs.org/setprototypeof 201ms (cache revalidated)
209 silly packumentCache full:https://registry.npmjs.org/setprototypeof set size:14532 disposed:false
210 silly fetch manifest depd@^2.0.0
211 silly packumentCache full:https://registry.npmjs.org/depd cache-hit
212 silly fetch manifest is-promise@^4.0.0
213 silly packumentCache full:https://registry.npmjs.org/is-promise cache-miss
214 http fetch GET 200 https://registry.npmjs.org/wrappy 184ms (cache revalidated)
215 silly packumentCache full:https://registry.npmjs.org/wrappy set size:7682 disposed:false
216 silly fetch manifest path-to-regexp@^8.0.0
217 silly packumentCache full:https://registry.npmjs.org/path-to-regexp cache-miss
218 http fetch GET 200 https://registry.npmjs.org/toidentifier 253ms (cache revalidated)
219 silly packumentCache full:https://registry.npmjs.org/toidentifier set size:12006 disposed:false
220 silly fetch manifest media-typer@^1.1.0
221 silly packumentCache full:https://registry.npmjs.org/media-typer cache-miss
222 http fetch GET 200 https://registry.npmjs.org/inherits 272ms (cache revalidated)
223 silly packumentCache full:https://registry.npmjs.org/inherits set size:12925 disposed:false
224 http fetch GET 200 https://registry.npmjs.org/forwarded 234ms (cache revalidated)
225 silly packumentCache full:https://registry.npmjs.org/forwarded set size:11229 disposed:false
226 http fetch GET 200 https://registry.npmjs.org/ipaddr.js 159ms (cache revalidated)
227 silly packumentCache full:https://registry.npmjs.org/ipaddr.js set size:65942 disposed:false
228 http fetch GET 200 https://registry.npmjs.org/path-to-regexp 133ms (cache revalidated)
229 silly packumentCache full:https://registry.npmjs.org/path-to-regexp set size:207142 disposed:false
230 http fetch GET 200 https://registry.npmjs.org/side-channel 191ms (cache revalidated)
231 silly packumentCache full:https://registry.npmjs.org/side-channel set size:24660 disposed:false
232 http fetch GET 200 https://registry.npmjs.org/media-typer 154ms (cache revalidated)
233 silly packumentCache full:https://registry.npmjs.org/media-typer set size:20873 disposed:false
234 http fetch GET 200 https://registry.npmjs.org/is-promise 295ms (cache revalidated)
235 silly packumentCache full:https://registry.npmjs.org/is-promise set size:18599 disposed:false
236 silly placeDep ROOT negotiator@1.0.0 OK for: accepts@2.0.0 want: ^1.0.0
237 silly placeDep ROOT bytes@3.1.2 OK for: body-parser@2.2.0 want: ^3.1.2
238 silly placeDep ROOT iconv-lite@0.6.3 OK for: body-parser@2.2.0 want: ^0.6.3
239 silly placeDep ROOT raw-body@3.0.1 OK for: body-parser@2.2.0 want: ^3.0.0
240 silly fetch manifest safer-buffer@>= 2.1.2 < 3.0.0
241 silly packumentCache full:https://registry.npmjs.org/safer-buffer cache-miss
242 silly fetch manifest iconv-lite@0.7.0
243 silly packumentCache full:https://registry.npmjs.org/iconv-lite cache-hit
244 silly fetch manifest unpipe@1.0.0
245 silly packumentCache full:https://registry.npmjs.org/unpipe cache-miss
246 http fetch GET 200 https://registry.npmjs.org/unpipe 127ms (cache revalidated)
247 silly packumentCache full:https://registry.npmjs.org/unpipe set size:3537 disposed:false
248 http fetch GET 200 https://registry.npmjs.org/safer-buffer 237ms (cache revalidated)
249 silly packumentCache full:https://registry.npmjs.org/safer-buffer set size:18521 disposed:false
250 silly placeDep ROOT safe-buffer@5.2.1 OK for: content-disposition@1.0.0 want: 5.2.1
251 silly placeDep ROOT ms@2.1.3 OK for: debug@4.4.3 want: ^2.1.3
252 silly placeDep ROOT depd@2.0.0 OK for: http-errors@2.0.0 want: 2.0.0
253 silly placeDep ROOT inherits@2.0.4 OK for: http-errors@2.0.0 want: 2.0.4
254 silly placeDep ROOT setprototypeof@1.2.0 OK for: http-errors@2.0.0 want: 1.2.0
255 silly placeDep node_modules/http-errors statuses@2.0.1 OK for: http-errors@2.0.0 want: 2.0.1
256 silly placeDep ROOT toidentifier@1.0.1 OK for: http-errors@2.0.0 want: 1.0.1
257 silly placeDep ROOT safer-buffer@2.1.2 OK for: iconv-lite@0.6.3 want: >= 2.1.2 < 3.0.0
258 silly placeDep ROOT mime-db@1.54.0 OK for: mime-types@3.0.1 want: ^1.54.0
259 silly placeDep ROOT ee-first@1.1.1 OK for: on-finished@2.4.1 want: 1.1.1
260 silly placeDep ROOT wrappy@1.0.2 OK for: once@1.4.0 want: 1
261 silly placeDep ROOT forwarded@0.2.0 OK for: proxy-addr@2.0.7 want: 0.2.0
262 silly placeDep ROOT ipaddr.js@1.9.1 OK for: proxy-addr@2.0.7 want: 1.9.1
263 silly placeDep ROOT side-channel@1.1.0 OK for: qs@6.14.0 want: ^1.1.0
264 silly fetch manifest es-errors@^1.3.0
265 silly packumentCache full:https://registry.npmjs.org/es-errors cache-miss
266 silly fetch manifest object-inspect@^1.13.3
267 silly packumentCache full:https://registry.npmjs.org/object-inspect cache-miss
268 silly fetch manifest side-channel-list@^1.0.0
269 silly packumentCache full:https://registry.npmjs.org/side-channel-list cache-miss
270 silly fetch manifest side-channel-map@^1.0.1
271 silly packumentCache full:https://registry.npmjs.org/side-channel-map cache-miss
272 silly fetch manifest side-channel-weakmap@^1.0.2
273 silly packumentCache full:https://registry.npmjs.org/side-channel-weakmap cache-miss
274 http fetch GET 200 https://registry.npmjs.org/side-channel-map 106ms (cache revalidated)
275 silly packumentCache full:https://registry.npmjs.org/side-channel-map set size:9126 disposed:false
276 http fetch GET 200 https://registry.npmjs.org/es-errors 122ms (cache revalidated)
277 silly packumentCache full:https://registry.npmjs.org/es-errors set size:16918 disposed:false
278 http fetch GET 200 https://registry.npmjs.org/side-channel-list 127ms (cache revalidated)
279 silly packumentCache full:https://registry.npmjs.org/side-channel-list set size:6005 disposed:false
280 http fetch GET 200 https://registry.npmjs.org/object-inspect 140ms (cache revalidated)
281 silly packumentCache full:https://registry.npmjs.org/object-inspect set size:101912 disposed:false
282 http fetch GET 200 https://registry.npmjs.org/side-channel-weakmap 156ms (cache revalidated)
283 silly packumentCache full:https://registry.npmjs.org/side-channel-weakmap set size:12620 disposed:false
284 silly placeDep node_modules/raw-body iconv-lite@0.7.0 OK for: raw-body@3.0.1 want: 0.7.0
285 silly placeDep ROOT unpipe@1.0.0 OK for: raw-body@3.0.1 want: 1.0.0
286 silly placeDep ROOT is-promise@4.0.0 OK for: router@2.2.0 want: ^4.0.0
287 silly placeDep ROOT path-to-regexp@8.3.0 OK for: router@2.2.0 want: ^8.0.0
288 silly placeDep ROOT es-errors@1.3.0 OK for: side-channel@1.1.0 want: ^1.3.0
289 silly placeDep ROOT object-inspect@1.13.4 OK for: side-channel@1.1.0 want: ^1.13.3
290 silly placeDep ROOT side-channel-list@1.0.0 OK for: side-channel@1.1.0 want: ^1.0.0
291 silly placeDep ROOT side-channel-map@1.0.1 OK for: side-channel@1.1.0 want: ^1.0.1
292 silly placeDep ROOT side-channel-weakmap@1.0.2 OK for: side-channel@1.1.0 want: ^1.0.2
293 silly fetch manifest call-bound@^1.0.2
294 silly packumentCache full:https://registry.npmjs.org/call-bound cache-miss
295 silly fetch manifest get-intrinsic@^1.2.5
296 silly packumentCache full:https://registry.npmjs.org/get-intrinsic cache-miss
297 silly fetch manifest call-bound@^1.0.2
298 silly packumentCache full:https://registry.npmjs.org/call-bound cache-miss
299 silly fetch manifest get-intrinsic@^1.2.5
300 silly packumentCache full:https://registry.npmjs.org/get-intrinsic cache-miss
301 http fetch GET 200 https://registry.npmjs.org/call-bound 114ms (cache revalidated)
302 silly packumentCache full:https://registry.npmjs.org/call-bound set size:15317 disposed:false
303 http fetch GET 200 https://registry.npmjs.org/call-bound 120ms (cache revalidated)
304 silly packumentCache full:https://registry.npmjs.org/call-bound set size:15317 disposed:false
305 silly packumentCache full:https://registry.npmjs.org/call-bound dispose
306 http fetch GET 200 https://registry.npmjs.org/get-intrinsic 133ms (cache revalidated)
307 silly packumentCache full:https://registry.npmjs.org/get-intrinsic set size:60985 disposed:false
308 http fetch GET 200 https://registry.npmjs.org/get-intrinsic 239ms (cache revalidated)
309 silly packumentCache full:https://registry.npmjs.org/get-intrinsic set size:60985 disposed:false
310 silly packumentCache full:https://registry.npmjs.org/get-intrinsic dispose
311 silly placeDep ROOT call-bound@1.0.4 OK for: side-channel-map@1.0.1 want: ^1.0.2
312 silly placeDep ROOT get-intrinsic@1.3.0 OK for: side-channel-map@1.0.1 want: ^1.2.5
313 silly fetch manifest call-bind-apply-helpers@^1.0.2
314 silly packumentCache full:https://registry.npmjs.org/call-bind-apply-helpers cache-miss
315 silly fetch manifest get-intrinsic@^1.3.0
316 silly packumentCache full:https://registry.npmjs.org/get-intrinsic cache-hit
317 silly fetch manifest gopd@^1.2.0
318 silly packumentCache full:https://registry.npmjs.org/gopd cache-miss
319 silly fetch manifest hasown@^2.0.2
320 silly packumentCache full:https://registry.npmjs.org/hasown cache-miss
321 silly fetch manifest get-proto@^1.0.1
322 silly packumentCache full:https://registry.npmjs.org/get-proto cache-miss
323 silly fetch manifest has-symbols@^1.1.0
324 silly packumentCache full:https://registry.npmjs.org/has-symbols cache-miss
325 silly fetch manifest function-bind@^1.1.2
326 silly packumentCache full:https://registry.npmjs.org/function-bind cache-miss
327 silly fetch manifest es-object-atoms@^1.1.1
328 silly packumentCache full:https://registry.npmjs.org/es-object-atoms cache-miss
329 http fetch GET 200 https://registry.npmjs.org/function-bind 148ms (cache revalidated)
330 silly packumentCache full:https://registry.npmjs.org/function-bind set size:15733 disposed:false
331 silly fetch manifest math-intrinsics@^1.1.0
332 silly packumentCache full:https://registry.npmjs.org/math-intrinsics cache-miss
333 http fetch GET 200 https://registry.npmjs.org/hasown 177ms (cache revalidated)
334 silly packumentCache full:https://registry.npmjs.org/hasown set size:12476 disposed:false
335 silly fetch manifest es-define-property@^1.0.1
336 silly packumentCache full:https://registry.npmjs.org/es-define-property cache-miss
337 http fetch GET 200 https://registry.npmjs.org/get-proto 192ms (cache revalidated)
338 silly packumentCache full:https://registry.npmjs.org/get-proto set size:8300 disposed:false
339 silly fetch manifest call-bind-apply-helpers@^1.0.2
340 silly packumentCache full:https://registry.npmjs.org/call-bind-apply-helpers cache-miss
341 http fetch GET 200 https://registry.npmjs.org/call-bind-apply-helpers 209ms (cache revalidated)
342 silly packumentCache full:https://registry.npmjs.org/call-bind-apply-helpers set size:12744 disposed:false
343 http fetch GET 200 https://registry.npmjs.org/gopd 216ms (cache revalidated)
344 silly packumentCache full:https://registry.npmjs.org/gopd set size:11458 disposed:false
345 http cache https://registry.npmjs.org/call-bind-apply-helpers 41ms (cache hit)
346 silly packumentCache full:https://registry.npmjs.org/call-bind-apply-helpers set size:12744 disposed:false
347 silly packumentCache full:https://registry.npmjs.org/call-bind-apply-helpers dispose
348 http fetch GET 200 https://registry.npmjs.org/has-symbols 250ms (cache revalidated)
349 silly packumentCache full:https://registry.npmjs.org/has-symbols set size:21550 disposed:false
350 http fetch GET 200 https://registry.npmjs.org/math-intrinsics 148ms (cache revalidated)
351 silly packumentCache full:https://registry.npmjs.org/math-intrinsics set size:9265 disposed:false
352 http fetch GET 200 https://registry.npmjs.org/es-object-atoms 301ms (cache revalidated)
353 silly packumentCache full:https://registry.npmjs.org/es-object-atoms set size:15304 disposed:false
354 http fetch GET 200 https://registry.npmjs.org/es-define-property 160ms (cache revalidated)
355 silly packumentCache full:https://registry.npmjs.org/es-define-property set size:8542 disposed:false
356 silly placeDep ROOT call-bind-apply-helpers@1.0.2 OK for: call-bound@1.0.4 want: ^1.0.2
357 silly placeDep ROOT function-bind@1.1.2 OK for: call-bind-apply-helpers@1.0.2 want: ^1.1.2
358 silly placeDep ROOT es-define-property@1.0.1 OK for: get-intrinsic@1.3.0 want: ^1.0.1
359 silly placeDep ROOT es-object-atoms@1.1.1 OK for: get-intrinsic@1.3.0 want: ^1.1.1
360 silly placeDep ROOT get-proto@1.0.1 OK for: get-intrinsic@1.3.0 want: ^1.0.1
361 silly placeDep ROOT gopd@1.2.0 OK for: get-intrinsic@1.3.0 want: ^1.2.0
362 silly placeDep ROOT has-symbols@1.1.0 OK for: get-intrinsic@1.3.0 want: ^1.1.0
363 silly placeDep ROOT hasown@2.0.2 OK for: get-intrinsic@1.3.0 want: ^2.0.2
364 silly placeDep ROOT math-intrinsics@1.1.0 OK for: get-intrinsic@1.3.0 want: ^1.1.0
365 silly fetch manifest dunder-proto@^1.0.1
366 silly packumentCache full:https://registry.npmjs.org/dunder-proto cache-miss
367 http fetch GET 200 https://registry.npmjs.org/dunder-proto 121ms (cache revalidated)
368 silly packumentCache full:https://registry.npmjs.org/dunder-proto set size:8256 disposed:false
369 silly placeDep ROOT dunder-proto@1.0.1 OK for: get-proto@1.0.1 want: ^1.0.1
370 silly placeDep ROOT media-typer@1.1.0 OK for: type-is@2.0.1 want: ^1.1.0
371 silly reify moves {}
372 silly audit bulk request {
372 silly audit   express: [ '5.1.0' ],
372 silly audit   accepts: [ '2.0.0' ],
372 silly audit   'body-parser': [ '2.2.0' ],
372 silly audit   'content-disposition': [ '1.0.0' ],
372 silly audit   'content-type': [ '1.0.5' ],
372 silly audit   cookie: [ '0.7.2' ],
372 silly audit   'cookie-signature': [ '1.2.2' ],
372 silly audit   debug: [ '4.4.3' ],
372 silly audit   encodeurl: [ '2.0.0' ],
372 silly audit   'escape-html': [ '1.0.3' ],
372 silly audit   etag: [ '1.8.1' ],
372 silly audit   finalhandler: [ '2.1.0' ],
372 silly audit   fresh: [ '2.0.0' ],
372 silly audit   'http-errors': [ '2.0.0' ],
372 silly audit   'merge-descriptors': [ '2.0.0' ],
372 silly audit   'mime-types': [ '3.0.1' ],
372 silly audit   'on-finished': [ '2.4.1' ],
372 silly audit   once: [ '1.4.0' ],
372 silly audit   parseurl: [ '1.3.3' ],
372 silly audit   'proxy-addr': [ '2.0.7' ],
372 silly audit   qs: [ '6.14.0' ],
372 silly audit   'range-parser': [ '1.2.1' ],
372 silly audit   router: [ '2.2.0' ],
372 silly audit   send: [ '1.2.0' ],
372 silly audit   'serve-static': [ '2.2.0' ],
372 silly audit   statuses: [ '2.0.2', '2.0.1' ],
372 silly audit   'type-is': [ '2.0.1' ],
372 silly audit   vary: [ '1.1.2' ],
372 silly audit   negotiator: [ '1.0.0' ],
372 silly audit   bytes: [ '3.1.2' ],
372 silly audit   'iconv-lite': [ '0.6.3', '0.7.0' ],
372 silly audit   'raw-body': [ '3.0.1' ],
372 silly audit   'safe-buffer': [ '5.2.1' ],
372 silly audit   ms: [ '2.1.3' ],
372 silly audit   depd: [ '2.0.0' ],
372 silly audit   inherits: [ '2.0.4' ],
372 silly audit   setprototypeof: [ '1.2.0' ],
372 silly audit   toidentifier: [ '1.0.1' ],
372 silly audit   'safer-buffer': [ '2.1.2' ],
372 silly audit   'mime-db': [ '1.54.0' ],
372 silly audit   'ee-first': [ '1.1.1' ],
372 silly audit   wrappy: [ '1.0.2' ],
372 silly audit   forwarded: [ '0.2.0' ],
372 silly audit   'ipaddr.js': [ '1.9.1' ],
372 silly audit   'side-channel': [ '1.1.0' ],
372 silly audit   unpipe: [ '1.0.0' ],
372 silly audit   'is-promise': [ '4.0.0' ],
372 silly audit   'path-to-regexp': [ '8.3.0' ],
372 silly audit   'es-errors': [ '1.3.0' ],
372 silly audit   'object-inspect': [ '1.13.4' ],
372 silly audit   'side-channel-list': [ '1.0.0' ],
372 silly audit   'side-channel-map': [ '1.0.1' ],
372 silly audit   'side-channel-weakmap': [ '1.0.2' ],
372 silly audit   'call-bound': [ '1.0.4' ],
372 silly audit   'get-intrinsic': [ '1.3.0' ],
372 silly audit   'call-bind-apply-helpers': [ '1.0.2' ],
372 silly audit   'function-bind': [ '1.1.2' ],
372 silly audit   'es-define-property': [ '1.0.1' ],
372 silly audit   'es-object-atoms': [ '1.1.1' ],
372 silly audit   'get-proto': [ '1.0.1' ],
372 silly audit   gopd: [ '1.2.0' ],
372 silly audit   'has-symbols': [ '1.1.0' ],
372 silly audit   hasown: [ '2.0.2' ],
372 silly audit   'math-intrinsics': [ '1.1.0' ],
372 silly audit   'dunder-proto': [ '1.0.1' ],
372 silly audit   'media-typer': [ '1.1.0' ]
372 silly audit }
373 http cache media-typer@https://registry.npmjs.org/media-typer/-/media-typer-1.1.0.tgz 0ms (cache hit)
374 http cache dunder-proto@https://registry.npmjs.org/dunder-proto/-/dunder-proto-1.0.1.tgz 0ms (cache hit)
375 http cache hasown@https://registry.npmjs.org/hasown/-/hasown-2.0.2.tgz 0ms (cache hit)
376 http cache has-symbols@https://registry.npmjs.org/has-symbols/-/has-symbols-1.1.0.tgz 0ms (cache hit)
377 http cache math-intrinsics@https://registry.npmjs.org/math-intrinsics/-/math-intrinsics-1.1.0.tgz 0ms (cache hit)
378 http cache gopd@https://registry.npmjs.org/gopd/-/gopd-1.2.0.tgz 0ms (cache hit)
379 http cache es-object-atoms@https://registry.npmjs.org/es-object-atoms/-/es-object-atoms-1.1.1.tgz 0ms (cache hit)
380 http cache get-proto@https://registry.npmjs.org/get-proto/-/get-proto-1.0.1.tgz 0ms (cache hit)
381 http cache es-define-property@https://registry.npmjs.org/es-define-property/-/es-define-property-1.0.1.tgz 0ms (cache hit)
382 http cache call-bind-apply-helpers@https://registry.npmjs.org/call-bind-apply-helpers/-/call-bind-apply-helpers-1.0.2.tgz 0ms (cache hit)
383 http cache get-intrinsic@https://registry.npmjs.org/get-intrinsic/-/get-intrinsic-1.3.0.tgz 0ms (cache hit)
384 http cache function-bind@https://registry.npmjs.org/function-bind/-/function-bind-1.1.2.tgz 1ms (cache hit)
385 http cache call-bound@https://registry.npmjs.org/call-bound/-/call-bound-1.0.4.tgz 0ms (cache hit)
386 http cache side-channel-map@https://registry.npmjs.org/side-channel-map/-/side-channel-map-1.0.1.tgz 0ms (cache hit)
387 http cache side-channel-list@https://registry.npmjs.org/side-channel-list/-/side-channel-list-1.0.0.tgz 0ms (cache hit)
388 http cache side-channel-weakmap@https://registry.npmjs.org/side-channel-weakmap/-/side-channel-weakmap-1.0.2.tgz 0ms (cache hit)
389 http cache object-inspect@https://registry.npmjs.org/object-inspect/-/object-inspect-1.13.4.tgz 0ms (cache hit)
390 http cache es-errors@https://registry.npmjs.org/es-errors/-/es-errors-1.3.0.tgz 0ms (cache hit)
391 http cache path-to-regexp@https://registry.npmjs.org/path-to-regexp/-/path-to-regexp-8.3.0.tgz 0ms (cache hit)
392 http cache is-promise@https://registry.npmjs.org/is-promise/-/is-promise-4.0.0.tgz 0ms (cache hit)
393 http cache side-channel@https://registry.npmjs.org/side-channel/-/side-channel-1.1.0.tgz 0ms (cache hit)
394 http cache unpipe@https://registry.npmjs.org/unpipe/-/unpipe-1.0.0.tgz 0ms (cache hit)
395 http cache ipaddr.js@https://registry.npmjs.org/ipaddr.js/-/ipaddr.js-1.9.1.tgz 0ms (cache hit)
396 http cache wrappy@https://registry.npmjs.org/wrappy/-/wrappy-1.0.2.tgz 0ms (cache hit)
397 http cache ee-first@https://registry.npmjs.org/ee-first/-/ee-first-1.1.1.tgz 0ms (cache hit)
398 http cache forwarded@https://registry.npmjs.org/forwarded/-/forwarded-0.2.0.tgz 0ms (cache hit)
399 http cache mime-db@https://registry.npmjs.org/mime-db/-/mime-db-1.54.0.tgz 0ms (cache hit)
400 http cache toidentifier@https://registry.npmjs.org/toidentifier/-/toidentifier-1.0.1.tgz 0ms (cache hit)
401 http cache safer-buffer@https://registry.npmjs.org/safer-buffer/-/safer-buffer-2.1.2.tgz 0ms (cache hit)
402 http cache setprototypeof@https://registry.npmjs.org/setprototypeof/-/setprototypeof-1.2.0.tgz 1ms (cache hit)
403 http cache inherits@https://registry.npmjs.org/inherits/-/inherits-2.0.4.tgz 0ms (cache hit)
404 http cache depd@https://registry.npmjs.org/depd/-/depd-2.0.0.tgz 0ms (cache hit)
405 http cache ms@https://registry.npmjs.org/ms/-/ms-2.1.3.tgz 0ms (cache hit)
406 http cache raw-body@https://registry.npmjs.org/raw-body/-/raw-body-3.0.1.tgz 0ms (cache hit)
407 http cache iconv-lite@https://registry.npmjs.org/iconv-lite/-/iconv-lite-0.6.3.tgz 0ms (cache hit)
408 http cache safe-buffer@https://registry.npmjs.org/safe-buffer/-/safe-buffer-5.2.1.tgz 0ms (cache hit)
409 http cache bytes@https://registry.npmjs.org/bytes/-/bytes-3.1.2.tgz 0ms (cache hit)
410 http cache vary@https://registry.npmjs.org/vary/-/vary-1.1.2.tgz 0ms (cache hit)
411 http cache negotiator@https://registry.npmjs.org/negotiator/-/negotiator-1.0.0.tgz 0ms (cache hit)
412 http cache type-is@https://registry.npmjs.org/type-is/-/type-is-2.0.1.tgz 0ms (cache hit)
413 http cache serve-static@https://registry.npmjs.org/serve-static/-/serve-static-2.2.0.tgz 0ms (cache hit)
414 http cache statuses@https://registry.npmjs.org/statuses/-/statuses-2.0.2.tgz 0ms (cache hit)
415 http cache send@https://registry.npmjs.org/send/-/send-1.2.0.tgz 0ms (cache hit)
416 http cache router@https://registry.npmjs.org/router/-/router-2.2.0.tgz 0ms (cache hit)
417 http cache qs@https://registry.npmjs.org/qs/-/qs-6.14.0.tgz 0ms (cache hit)
418 http cache range-parser@https://registry.npmjs.org/range-parser/-/range-parser-1.2.1.tgz 0ms (cache hit)
419 http cache proxy-addr@https://registry.npmjs.org/proxy-addr/-/proxy-addr-2.0.7.tgz 0ms (cache hit)
420 http cache once@https://registry.npmjs.org/once/-/once-1.4.0.tgz 0ms (cache hit)
421 http cache parseurl@https://registry.npmjs.org/parseurl/-/parseurl-1.3.3.tgz 0ms (cache hit)
422 http cache on-finished@https://registry.npmjs.org/on-finished/-/on-finished-2.4.1.tgz 0ms (cache hit)
423 http cache merge-descriptors@https://registry.npmjs.org/merge-descriptors/-/merge-descriptors-2.0.0.tgz 0ms (cache hit)
424 http cache http-errors@https://registry.npmjs.org/http-errors/-/http-errors-2.0.0.tgz 0ms (cache hit)
425 http cache mime-types@https://registry.npmjs.org/mime-types/-/mime-types-3.0.1.tgz 0ms (cache hit)
426 http cache fresh@https://registry.npmjs.org/fresh/-/fresh-2.0.0.tgz 0ms (cache hit)
427 http cache etag@https://registry.npmjs.org/etag/-/etag-1.8.1.tgz 0ms (cache hit)
428 http cache finalhandler@https://registry.npmjs.org/finalhandler/-/finalhandler-2.1.0.tgz 0ms (cache hit)
429 http cache escape-html@https://registry.npmjs.org/escape-html/-/escape-html-1.0.3.tgz 0ms (cache hit)
430 http cache debug@https://registry.npmjs.org/debug/-/debug-4.4.3.tgz 0ms (cache hit)
431 http cache cookie-signature@https://registry.npmjs.org/cookie-signature/-/cookie-signature-1.2.2.tgz 0ms (cache hit)
432 http cache encodeurl@https://registry.npmjs.org/encodeurl/-/encodeurl-2.0.0.tgz 0ms (cache hit)
433 http cache cookie@https://registry.npmjs.org/cookie/-/cookie-0.7.2.tgz 0ms (cache hit)
434 http cache content-disposition@https://registry.npmjs.org/content-disposition/-/content-disposition-1.0.0.tgz 0ms (cache hit)
435 http cache content-type@https://registry.npmjs.org/content-type/-/content-type-1.0.5.tgz 0ms (cache hit)
436 http cache body-parser@https://registry.npmjs.org/body-parser/-/body-parser-2.2.0.tgz 0ms (cache hit)
437 http cache express@https://registry.npmjs.org/express/-/express-5.1.0.tgz 0ms (cache hit)
438 http cache accepts@https://registry.npmjs.org/accepts/-/accepts-2.0.0.tgz 0ms (cache hit)
439 http cache iconv-lite@https://registry.npmjs.org/iconv-lite/-/iconv-lite-0.7.0.tgz 0ms (cache hit)
440 http cache statuses@https://registry.npmjs.org/statuses/-/statuses-2.0.1.tgz 0ms (cache hit)
441 http fetch POST 200 https://registry.npmjs.org/-/npm/v1/security/advisories/bulk 680ms
442 silly audit report {}
443 silly ADD node_modules/media-typer
444 silly ADD node_modules/dunder-proto
445 silly ADD node_modules/math-intrinsics
446 silly ADD node_modules/hasown
447 silly ADD node_modules/has-symbols
448 silly ADD node_modules/gopd
449 silly ADD node_modules/get-proto
450 silly ADD node_modules/es-object-atoms
451 silly ADD node_modules/es-define-property
452 silly ADD node_modules/function-bind
453 silly ADD node_modules/call-bind-apply-helpers
454 silly ADD node_modules/get-intrinsic
455 silly ADD node_modules/call-bound
456 silly ADD node_modules/side-channel-weakmap
457 silly ADD node_modules/side-channel-map
458 silly ADD node_modules/side-channel-list
459 silly ADD node_modules/object-inspect
460 silly ADD node_modules/es-errors
461 silly ADD node_modules/path-to-regexp
462 silly ADD node_modules/is-promise
463 silly ADD node_modules/unpipe
464 silly ADD node_modules/side-channel
465 silly ADD node_modules/ipaddr.js
466 silly ADD node_modules/forwarded
467 silly ADD node_modules/wrappy
468 silly ADD node_modules/ee-first
469 silly ADD node_modules/mime-db
470 silly ADD node_modules/safer-buffer
471 silly ADD node_modules/toidentifier
472 silly ADD node_modules/setprototypeof
473 silly ADD node_modules/inherits
474 silly ADD node_modules/depd
475 silly ADD node_modules/ms
476 silly ADD node_modules/safe-buffer
477 silly ADD node_modules/raw-body
478 silly ADD node_modules/raw-body/node_modules/iconv-lite
479 silly ADD node_modules/iconv-lite
480 silly ADD node_modules/bytes
481 silly ADD node_modules/negotiator
482 silly ADD node_modules/vary
483 silly ADD node_modules/type-is
484 silly ADD node_modules/statuses
485 silly ADD node_modules/serve-static
486 silly ADD node_modules/send
487 silly ADD node_modules/router
488 silly ADD node_modules/range-parser
489 silly ADD node_modules/qs
490 silly ADD node_modules/proxy-addr
491 silly ADD node_modules/parseurl
492 silly ADD node_modules/once
493 silly ADD node_modules/on-finished
494 silly ADD node_modules/mime-types
495 silly ADD node_modules/merge-descriptors
496 silly ADD node_modules/http-errors
497 silly ADD node_modules/http-errors/node_modules/statuses
498 silly ADD node_modules/fresh
499 silly ADD node_modules/finalhandler
500 silly ADD node_modules/etag
501 silly ADD node_modules/escape-html
502 silly ADD node_modules/encodeurl
503 silly ADD node_modules/debug
504 silly ADD node_modules/cookie-signature
505 silly ADD node_modules/cookie
506 silly ADD node_modules/content-type
507 silly ADD node_modules/content-disposition
508 silly ADD node_modules/body-parser
509 silly ADD node_modules/accepts
510 silly ADD node_modules/express
511 verbose cwd /data/data/com.termux/files/home/downloads/simnovo_app
512 verbose os Linux 5.4.254-android12-9-660873-gb555c87043d9-ab603
513 verbose node v24.9.0
514 verbose npm  v11.6.0
515 verbose exit 0
516 info ok
